{"/home/gofrendi/chimera-framework/index.js":{"path":"/home/gofrendi/chimera-framework/index.js","statementMap":{"0":{"start":{"line":3,"column":0},"end":{"line":3,"column":30}},"1":{"start":{"line":5,"column":12},"end":{"line":5,"column":35}},"2":{"start":{"line":6,"column":13},"end":{"line":6,"column":37}},"3":{"start":{"line":7,"column":25},"end":{"line":7,"column":62}},"4":{"start":{"line":8,"column":19},"end":{"line":8,"column":50}},"5":{"start":{"line":9,"column":24},"end":{"line":9,"column":61}},"6":{"start":{"line":10,"column":14},"end":{"line":10,"column":39}},"7":{"start":{"line":11,"column":13},"end":{"line":11,"column":37}},"8":{"start":{"line":12,"column":12},"end":{"line":12,"column":35}},"9":{"start":{"line":13,"column":15},"end":{"line":13,"column":41}},"10":{"start":{"line":14,"column":15},"end":{"line":14,"column":41}},"11":{"start":{"line":15,"column":13},"end":{"line":15,"column":37}},"12":{"start":{"line":18,"column":0},"end":{"line":30,"column":1}}},"fnMap":{},"branchMap":{},"s":{"0":1,"1":1,"2":1,"3":1,"4":1,"5":1,"6":1,"7":1,"8":1,"9":1,"10":1,"11":1,"12":1},"f":{},"b":{},"_coverageSchema":"332fd63041d2c1bcb487cc26dd0d5f7d97098a6c","hash":"6397d9dc2d92614baee1d15db76c2f46ebc8f029","contentHash":"5ca5610ff8278a961aea7a4ec2515ba6_11.2.1"},"/home/gofrendi/chimera-framework/lib/cmd.js":{"path":"/home/gofrendi/chimera-framework/lib/cmd.js","statementMap":{"0":{"start":{"line":4,"column":0},"end":{"line":7,"column":1}},"1":{"start":{"line":9,"column":13},"end":{"line":9,"column":42}},"2":{"start":{"line":25,"column":2},"end":{"line":29,"column":3}},"3":{"start":{"line":26,"column":4},"end":{"line":26,"column":22}},"4":{"start":{"line":28,"column":4},"end":{"line":28,"column":25}},"5":{"start":{"line":30,"column":2},"end":{"line":30,"column":35}},"6":{"start":{"line":49,"column":2},"end":{"line":55,"column":3}},"7":{"start":{"line":50,"column":4},"end":{"line":50,"column":26}},"8":{"start":{"line":51,"column":4},"end":{"line":51,"column":22}},"9":{"start":{"line":53,"column":4},"end":{"line":53,"column":25}},"10":{"start":{"line":54,"column":4},"end":{"line":54,"column":27}},"11":{"start":{"line":56,"column":2},"end":{"line":60,"column":19}},"12":{"start":{"line":57,"column":4},"end":{"line":59,"column":5}},"13":{"start":{"line":58,"column":6},"end":{"line":58,"column":37}}},"fnMap":{"0":{"name":"run","decl":{"start":{"line":23,"column":9},"end":{"line":23,"column":12}},"loc":{"start":{"line":23,"column":32},"end":{"line":31,"column":1}},"line":23},"1":{"name":"get","decl":{"start":{"line":47,"column":9},"end":{"line":47,"column":12}},"loc":{"start":{"line":47,"column":42},"end":{"line":61,"column":1}},"line":47},"2":{"name":"(anonymous_2)","decl":{"start":{"line":56,"column":37},"end":{"line":56,"column":38}},"loc":{"start":{"line":56,"column":49},"end":{"line":60,"column":3}},"line":56},"3":{"name":"(anonymous_3)","decl":{"start":{"line":57,"column":11},"end":{"line":57,"column":12}},"loc":{"start":{"line":57,"column":40},"end":{"line":59,"column":5}},"line":57}},"branchMap":{"0":{"loc":{"start":{"line":25,"column":2},"end":{"line":29,"column":3}},"type":"if","locations":[{"start":{"line":25,"column":2},"end":{"line":29,"column":3}},{"start":{"line":25,"column":2},"end":{"line":29,"column":3}}],"line":25},"1":{"loc":{"start":{"line":49,"column":2},"end":{"line":55,"column":3}},"type":"if","locations":[{"start":{"line":49,"column":2},"end":{"line":55,"column":3}},{"start":{"line":49,"column":2},"end":{"line":55,"column":3}}],"line":49}},"s":{"0":1,"1":1,"2":2,"3":1,"4":1,"5":2,"6":16,"7":14,"8":14,"9":2,"10":2,"11":16,"12":16,"13":16},"f":{"0":2,"1":16,"2":16,"3":16},"b":{"0":[1,1],"1":[14,2]},"_coverageSchema":"332fd63041d2c1bcb487cc26dd0d5f7d97098a6c","hash":"cf25ec30d94c786169323d1fd3cb8c181c240c62","contentHash":"53441518b492b209bddab0ac87ac23ec_11.2.1"},"/home/gofrendi/chimera-framework/lib/core.js":{"path":"/home/gofrendi/chimera-framework/lib/core.js","statementMap":{"0":{"start":{"line":4,"column":0},"end":{"line":6,"column":1}},"1":{"start":{"line":9,"column":14},"end":{"line":9,"column":34}},"2":{"start":{"line":10,"column":11},"end":{"line":10,"column":24}},"3":{"start":{"line":11,"column":18},"end":{"line":11,"column":48}},"4":{"start":{"line":12,"column":13},"end":{"line":12,"column":28}},"5":{"start":{"line":13,"column":17},"end":{"line":13,"column":37}},"6":{"start":{"line":14,"column":13},"end":{"line":14,"column":33}},"7":{"start":{"line":15,"column":21},"end":{"line":15,"column":54}},"8":{"start":{"line":16,"column":20},"end":{"line":16,"column":53}},"9":{"start":{"line":17,"column":10},"end":{"line":17,"column":37}},"10":{"start":{"line":20,"column":16},"end":{"line":20,"column":17}},"11":{"start":{"line":21,"column":21},"end":{"line":21,"column":22}},"12":{"start":{"line":22,"column":22},"end":{"line":22,"column":23}},"13":{"start":{"line":24,"column":24},"end":{"line":24,"column":34}},"14":{"start":{"line":25,"column":20},"end":{"line":25,"column":29}},"15":{"start":{"line":28,"column":18},"end":{"line":28,"column":20}},"16":{"start":{"line":30,"column":2},"end":{"line":56,"column":4}},"17":{"start":{"line":31,"column":4},"end":{"line":36,"column":5}},"18":{"start":{"line":33,"column":24},"end":{"line":33,"column":29}},"19":{"start":{"line":34,"column":6},"end":{"line":34,"column":76}},"20":{"start":{"line":35,"column":6},"end":{"line":35,"column":65}},"21":{"start":{"line":37,"column":20},"end":{"line":37,"column":39}},"22":{"start":{"line":38,"column":18},"end":{"line":38,"column":41}},"23":{"start":{"line":39,"column":19},"end":{"line":39,"column":43}},"24":{"start":{"line":40,"column":28},"end":{"line":40,"column":74}},"25":{"start":{"line":41,"column":4},"end":{"line":41,"column":43}},"26":{"start":{"line":42,"column":4},"end":{"line":42,"column":35}},"27":{"start":{"line":43,"column":4},"end":{"line":43,"column":40}},"28":{"start":{"line":44,"column":4},"end":{"line":55,"column":6}},"29":{"start":{"line":45,"column":35},"end":{"line":45,"column":86}},"30":{"start":{"line":46,"column":6},"end":{"line":53,"column":7}},"31":{"start":{"line":47,"column":8},"end":{"line":52,"column":10}},"32":{"start":{"line":48,"column":10},"end":{"line":50,"column":11}},"33":{"start":{"line":49,"column":12},"end":{"line":49,"column":51}},"34":{"start":{"line":51,"column":10},"end":{"line":51,"column":70}},"35":{"start":{"line":54,"column":6},"end":{"line":54,"column":64}},"36":{"start":{"line":59,"column":4},"end":{"line":74,"column":6}},"37":{"start":{"line":60,"column":6},"end":{"line":62,"column":7}},"38":{"start":{"line":61,"column":8},"end":{"line":61,"column":36}},"39":{"start":{"line":63,"column":6},"end":{"line":73,"column":8}},"40":{"start":{"line":64,"column":8},"end":{"line":66,"column":9}},"41":{"start":{"line":65,"column":10},"end":{"line":65,"column":38}},"42":{"start":{"line":67,"column":8},"end":{"line":67,"column":65}},"43":{"start":{"line":68,"column":8},"end":{"line":68,"column":33}},"44":{"start":{"line":70,"column":8},"end":{"line":70,"column":55}},"45":{"start":{"line":72,"column":8},"end":{"line":72,"column":60}},"46":{"start":{"line":78,"column":24},"end":{"line":78,"column":64}},"47":{"start":{"line":79,"column":4},"end":{"line":79,"column":49}},"48":{"start":{"line":83,"column":4},"end":{"line":87,"column":5}},"49":{"start":{"line":84,"column":6},"end":{"line":84,"column":44}},"50":{"start":{"line":85,"column":11},"end":{"line":87,"column":5}},"51":{"start":{"line":86,"column":6},"end":{"line":86,"column":16}},"52":{"start":{"line":88,"column":4},"end":{"line":88,"column":13}},"53":{"start":{"line":92,"column":4},"end":{"line":98,"column":5}},"54":{"start":{"line":93,"column":6},"end":{"line":93,"column":17}},"55":{"start":{"line":94,"column":11},"end":{"line":98,"column":5}},"56":{"start":{"line":95,"column":6},"end":{"line":95,"column":32}},"57":{"start":{"line":96,"column":11},"end":{"line":98,"column":5}},"58":{"start":{"line":97,"column":6},"end":{"line":97,"column":32}},"59":{"start":{"line":99,"column":4},"end":{"line":99,"column":17}},"60":{"start":{"line":103,"column":4},"end":{"line":108,"column":5}},"61":{"start":{"line":104,"column":6},"end":{"line":104,"column":61}},"62":{"start":{"line":105,"column":6},"end":{"line":107,"column":7}},"63":{"start":{"line":106,"column":8},"end":{"line":106,"column":78}},"64":{"start":{"line":112,"column":4},"end":{"line":114,"column":5}},"65":{"start":{"line":113,"column":6},"end":{"line":113,"column":26}},"66":{"start":{"line":115,"column":4},"end":{"line":124,"column":5}},"67":{"start":{"line":116,"column":6},"end":{"line":123,"column":7}},"68":{"start":{"line":117,"column":8},"end":{"line":117,"column":26}},"69":{"start":{"line":118,"column":13},"end":{"line":123,"column":7}},"70":{"start":{"line":119,"column":8},"end":{"line":119,"column":60}},"71":{"start":{"line":121,"column":8},"end":{"line":121,"column":43}},"72":{"start":{"line":122,"column":8},"end":{"line":122,"column":26}},"73":{"start":{"line":128,"column":4},"end":{"line":132,"column":5}},"74":{"start":{"line":129,"column":6},"end":{"line":129,"column":63}},"75":{"start":{"line":130,"column":19},"end":{"line":130,"column":47}},"76":{"start":{"line":131,"column":6},"end":{"line":131,"column":34}},"77":{"start":{"line":136,"column":17},"end":{"line":136,"column":19}},"78":{"start":{"line":137,"column":4},"end":{"line":139,"column":5}},"79":{"start":{"line":138,"column":6},"end":{"line":138,"column":53}},"80":{"start":{"line":140,"column":4},"end":{"line":140,"column":17}},"81":{"start":{"line":144,"column":17},"end":{"line":144,"column":19}},"82":{"start":{"line":145,"column":4},"end":{"line":147,"column":5}},"83":{"start":{"line":146,"column":6},"end":{"line":146,"column":45}},"84":{"start":{"line":148,"column":4},"end":{"line":148,"column":17}},"85":{"start":{"line":152,"column":16},"end":{"line":152,"column":25}},"86":{"start":{"line":153,"column":16},"end":{"line":153,"column":21}},"87":{"start":{"line":154,"column":4},"end":{"line":165,"column":5}},"88":{"start":{"line":155,"column":29},"end":{"line":155,"column":49}},"89":{"start":{"line":156,"column":6},"end":{"line":164,"column":7}},"90":{"start":{"line":157,"column":8},"end":{"line":163,"column":9}},"91":{"start":{"line":158,"column":10},"end":{"line":158,"column":22}},"92":{"start":{"line":159,"column":10},"end":{"line":159,"column":32}},"93":{"start":{"line":161,"column":10},"end":{"line":161,"column":23}},"94":{"start":{"line":162,"column":10},"end":{"line":162,"column":15}},"95":{"start":{"line":166,"column":4},"end":{"line":166,"column":25}},"96":{"start":{"line":170,"column":4},"end":{"line":172,"column":5}},"97":{"start":{"line":171,"column":6},"end":{"line":171,"column":47}},"98":{"start":{"line":173,"column":4},"end":{"line":175,"column":5}},"99":{"start":{"line":174,"column":6},"end":{"line":174,"column":46}},"100":{"start":{"line":176,"column":4},"end":{"line":179,"column":5}},"101":{"start":{"line":178,"column":6},"end":{"line":178,"column":33}},"102":{"start":{"line":180,"column":4},"end":{"line":208,"column":5}},"103":{"start":{"line":182,"column":6},"end":{"line":182,"column":34}},"104":{"start":{"line":184,"column":6},"end":{"line":187,"column":7}},"105":{"start":{"line":186,"column":8},"end":{"line":186,"column":24}},"106":{"start":{"line":188,"column":30},"end":{"line":188,"column":70}},"107":{"start":{"line":189,"column":6},"end":{"line":193,"column":7}},"108":{"start":{"line":191,"column":26},"end":{"line":191,"column":74}},"109":{"start":{"line":192,"column":8},"end":{"line":192,"column":50}},"110":{"start":{"line":194,"column":6},"end":{"line":207,"column":7}},"111":{"start":{"line":195,"column":39},"end":{"line":195,"column":72}},"112":{"start":{"line":196,"column":8},"end":{"line":199,"column":9}},"113":{"start":{"line":198,"column":10},"end":{"line":198,"column":47}},"114":{"start":{"line":201,"column":8},"end":{"line":201,"column":45}},"115":{"start":{"line":203,"column":8},"end":{"line":205,"column":9}},"116":{"start":{"line":204,"column":10},"end":{"line":204,"column":36}},"117":{"start":{"line":206,"column":8},"end":{"line":206,"column":24}},"118":{"start":{"line":212,"column":18},"end":{"line":212,"column":20}},"119":{"start":{"line":213,"column":4},"end":{"line":218,"column":5}},"120":{"start":{"line":214,"column":6},"end":{"line":217,"column":8}},"121":{"start":{"line":215,"column":26},"end":{"line":215,"column":68}},"122":{"start":{"line":216,"column":8},"end":{"line":216,"column":25}},"123":{"start":{"line":219,"column":4},"end":{"line":219,"column":18}},"124":{"start":{"line":224,"column":4},"end":{"line":234,"column":5}},"125":{"start":{"line":225,"column":6},"end":{"line":229,"column":8}},"126":{"start":{"line":226,"column":20},"end":{"line":226,"column":46}},"127":{"start":{"line":227,"column":29},"end":{"line":227,"column":64}},"128":{"start":{"line":228,"column":8},"end":{"line":228,"column":41}},"129":{"start":{"line":230,"column":6},"end":{"line":232,"column":7}},"130":{"start":{"line":231,"column":8},"end":{"line":231,"column":13}},"131":{"start":{"line":233,"column":6},"end":{"line":233,"column":20}},"132":{"start":{"line":236,"column":4},"end":{"line":236,"column":44}},"133":{"start":{"line":237,"column":4},"end":{"line":237,"column":35}},"134":{"start":{"line":238,"column":4},"end":{"line":238,"column":15}},"135":{"start":{"line":242,"column":4},"end":{"line":242,"column":36}},"136":{"start":{"line":243,"column":19},"end":{"line":243,"column":28}},"137":{"start":{"line":244,"column":20},"end":{"line":244,"column":35}},"138":{"start":{"line":245,"column":4},"end":{"line":254,"column":5}},"139":{"start":{"line":246,"column":21},"end":{"line":246,"column":33}},"140":{"start":{"line":247,"column":6},"end":{"line":252,"column":7}},"141":{"start":{"line":248,"column":8},"end":{"line":248,"column":34}},"142":{"start":{"line":249,"column":8},"end":{"line":249,"column":20}},"143":{"start":{"line":250,"column":13},"end":{"line":252,"column":7}},"144":{"start":{"line":251,"column":8},"end":{"line":251,"column":31}},"145":{"start":{"line":253,"column":6},"end":{"line":253,"column":35}},"146":{"start":{"line":258,"column":4},"end":{"line":276,"column":5}},"147":{"start":{"line":259,"column":6},"end":{"line":264,"column":7}},"148":{"start":{"line":260,"column":8},"end":{"line":260,"column":31}},"149":{"start":{"line":261,"column":8},"end":{"line":261,"column":48}},"150":{"start":{"line":262,"column":8},"end":{"line":262,"column":39}},"151":{"start":{"line":263,"column":8},"end":{"line":263,"column":41}},"152":{"start":{"line":265,"column":6},"end":{"line":275,"column":7}},"153":{"start":{"line":266,"column":8},"end":{"line":266,"column":38}},"154":{"start":{"line":267,"column":8},"end":{"line":267,"column":146}},"155":{"start":{"line":268,"column":8},"end":{"line":268,"column":109}},"156":{"start":{"line":269,"column":8},"end":{"line":269,"column":14}},"157":{"start":{"line":271,"column":8},"end":{"line":271,"column":31}},"158":{"start":{"line":272,"column":8},"end":{"line":272,"column":52}},"159":{"start":{"line":273,"column":8},"end":{"line":273,"column":43}},"160":{"start":{"line":274,"column":8},"end":{"line":274,"column":45}},"161":{"start":{"line":280,"column":4},"end":{"line":307,"column":5}},"162":{"start":{"line":281,"column":6},"end":{"line":306,"column":7}},"163":{"start":{"line":283,"column":8},"end":{"line":287,"column":9}},"164":{"start":{"line":284,"column":10},"end":{"line":284,"column":48}},"165":{"start":{"line":286,"column":10},"end":{"line":286,"column":36}},"166":{"start":{"line":288,"column":21},"end":{"line":288,"column":54}},"167":{"start":{"line":289,"column":8},"end":{"line":291,"column":9}},"168":{"start":{"line":290,"column":10},"end":{"line":290,"column":61}},"169":{"start":{"line":292,"column":8},"end":{"line":292,"column":105}},"170":{"start":{"line":294,"column":8},"end":{"line":294,"column":33}},"171":{"start":{"line":296,"column":30},"end":{"line":296,"column":83}},"172":{"start":{"line":298,"column":8},"end":{"line":298,"column":36}},"173":{"start":{"line":300,"column":8},"end":{"line":300,"column":40}},"174":{"start":{"line":302,"column":8},"end":{"line":302,"column":31}},"175":{"start":{"line":303,"column":8},"end":{"line":303,"column":48}},"176":{"start":{"line":304,"column":8},"end":{"line":304,"column":39}},"177":{"start":{"line":305,"column":8},"end":{"line":305,"column":34}},"178":{"start":{"line":311,"column":27},"end":{"line":311,"column":74}},"179":{"start":{"line":312,"column":22},"end":{"line":312,"column":99}},"180":{"start":{"line":313,"column":4},"end":{"line":350,"column":5}},"181":{"start":{"line":314,"column":20},"end":{"line":314,"column":22}},"182":{"start":{"line":315,"column":6},"end":{"line":317,"column":7}},"183":{"start":{"line":316,"column":8},"end":{"line":316,"column":45}},"184":{"start":{"line":318,"column":6},"end":{"line":318,"column":51}},"185":{"start":{"line":319,"column":6},"end":{"line":319,"column":100}},"186":{"start":{"line":320,"column":6},"end":{"line":328,"column":7}},"187":{"start":{"line":321,"column":8},"end":{"line":324,"column":9}},"188":{"start":{"line":322,"column":10},"end":{"line":322,"column":104}},"189":{"start":{"line":323,"column":10},"end":{"line":323,"column":47}},"190":{"start":{"line":325,"column":8},"end":{"line":325,"column":102}},"191":{"start":{"line":327,"column":8},"end":{"line":327,"column":113}},"192":{"start":{"line":329,"column":6},"end":{"line":337,"column":7}},"193":{"start":{"line":330,"column":8},"end":{"line":330,"column":66}},"194":{"start":{"line":331,"column":33},"end":{"line":331,"column":79}},"195":{"start":{"line":332,"column":8},"end":{"line":332,"column":52}},"196":{"start":{"line":333,"column":13},"end":{"line":337,"column":7}},"197":{"start":{"line":334,"column":8},"end":{"line":334,"column":66}},"198":{"start":{"line":335,"column":34},"end":{"line":335,"column":79}},"199":{"start":{"line":336,"column":8},"end":{"line":336,"column":41}},"200":{"start":{"line":338,"column":6},"end":{"line":348,"column":8}},"201":{"start":{"line":339,"column":8},"end":{"line":339,"column":103}},"202":{"start":{"line":340,"column":8},"end":{"line":347,"column":9}},"203":{"start":{"line":341,"column":10},"end":{"line":341,"column":105}},"204":{"start":{"line":342,"column":10},"end":{"line":342,"column":16}},"205":{"start":{"line":344,"column":10},"end":{"line":344,"column":105}},"206":{"start":{"line":345,"column":32},"end":{"line":345,"column":78}},"207":{"start":{"line":346,"column":10},"end":{"line":346,"column":31}},"208":{"start":{"line":349,"column":6},"end":{"line":349,"column":43}},"209":{"start":{"line":355,"column":14},"end":{"line":355,"column":42}},"210":{"start":{"line":356,"column":4},"end":{"line":367,"column":5}},"211":{"start":{"line":357,"column":16},"end":{"line":357,"column":22}},"212":{"start":{"line":358,"column":6},"end":{"line":366,"column":7}},"213":{"start":{"line":359,"column":8},"end":{"line":363,"column":9}},"214":{"start":{"line":360,"column":10},"end":{"line":360,"column":57}},"215":{"start":{"line":362,"column":10},"end":{"line":362,"column":38}},"216":{"start":{"line":364,"column":13},"end":{"line":366,"column":7}},"217":{"start":{"line":365,"column":8},"end":{"line":365,"column":29}},"218":{"start":{"line":372,"column":21},"end":{"line":372,"column":73}},"219":{"start":{"line":373,"column":4},"end":{"line":373,"column":60}},"220":{"start":{"line":375,"column":4},"end":{"line":381,"column":32}},"221":{"start":{"line":382,"column":4},"end":{"line":382,"column":45}},"222":{"start":{"line":383,"column":4},"end":{"line":383,"column":77}},"223":{"start":{"line":384,"column":4},"end":{"line":384,"column":65}},"224":{"start":{"line":386,"column":4},"end":{"line":388,"column":5}},"225":{"start":{"line":387,"column":6},"end":{"line":387,"column":33}},"226":{"start":{"line":390,"column":4},"end":{"line":390,"column":59}},"227":{"start":{"line":392,"column":22},"end":{"line":392,"column":67}},"228":{"start":{"line":393,"column":4},"end":{"line":393,"column":46}},"229":{"start":{"line":397,"column":4},"end":{"line":406,"column":6}},"230":{"start":{"line":398,"column":6},"end":{"line":405,"column":7}},"231":{"start":{"line":399,"column":8},"end":{"line":399,"column":38}},"232":{"start":{"line":400,"column":8},"end":{"line":400,"column":55}},"233":{"start":{"line":401,"column":8},"end":{"line":401,"column":28}},"234":{"start":{"line":402,"column":8},"end":{"line":402,"column":34}},"235":{"start":{"line":404,"column":8},"end":{"line":404,"column":51}},"236":{"start":{"line":410,"column":4},"end":{"line":412,"column":5}},"237":{"start":{"line":411,"column":6},"end":{"line":411,"column":17}},"238":{"start":{"line":413,"column":22},"end":{"line":413,"column":55}},"239":{"start":{"line":414,"column":18},"end":{"line":414,"column":44}},"240":{"start":{"line":415,"column":4},"end":{"line":415,"column":101}}},"fnMap":{"0":{"name":"executeChain","decl":{"start":{"line":27,"column":9},"end":{"line":27,"column":21}},"loc":{"start":{"line":27,"column":68},"end":{"line":417,"column":1}},"line":27},"1":{"name":"(anonymous_1)","decl":{"start":{"line":30,"column":17},"end":{"line":30,"column":18}},"loc":{"start":{"line":30,"column":39},"end":{"line":56,"column":3}},"line":30},"2":{"name":"(anonymous_2)","decl":{"start":{"line":44,"column":31},"end":{"line":44,"column":32}},"loc":{"start":{"line":44,"column":61},"end":{"line":55,"column":5}},"line":44},"3":{"name":"(anonymous_3)","decl":{"start":{"line":47,"column":46},"end":{"line":47,"column":47}},"loc":{"start":{"line":47,"column":78},"end":{"line":52,"column":9}},"line":47},"4":{"name":"compileAndExecuteFile","decl":{"start":{"line":58,"column":11},"end":{"line":58,"column":32}},"loc":{"start":{"line":58,"column":64},"end":{"line":75,"column":3}},"line":58},"5":{"name":"(anonymous_5)","decl":{"start":{"line":59,"column":27},"end":{"line":59,"column":28}},"loc":{"start":{"line":59,"column":51},"end":{"line":74,"column":5}},"line":59},"6":{"name":"(anonymous_6)","decl":{"start":{"line":63,"column":42},"end":{"line":63,"column":43}},"loc":{"start":{"line":63,"column":63},"end":{"line":73,"column":7}},"line":63},"7":{"name":"getPublishedState","decl":{"start":{"line":77,"column":11},"end":{"line":77,"column":28}},"loc":{"start":{"line":77,"column":32},"end":{"line":80,"column":3}},"line":77},"8":{"name":"getInsNameAsArray","decl":{"start":{"line":82,"column":11},"end":{"line":82,"column":28}},"loc":{"start":{"line":82,"column":35},"end":{"line":89,"column":3}},"line":82},"9":{"name":"normalizeOutputValue","decl":{"start":{"line":91,"column":11},"end":{"line":91,"column":31}},"loc":{"start":{"line":91,"column":41},"end":{"line":100,"column":3}},"line":91},"10":{"name":"showCurrentError","decl":{"start":{"line":102,"column":11},"end":{"line":102,"column":27}},"loc":{"start":{"line":102,"column":31},"end":{"line":109,"column":3}},"line":102},"11":{"name":"defineDefaultFinalCallback","decl":{"start":{"line":111,"column":11},"end":{"line":111,"column":37}},"loc":{"start":{"line":111,"column":54},"end":{"line":125,"column":3}},"line":111},"12":{"name":"(anonymous_12)","decl":{"start":{"line":115,"column":11},"end":{"line":115,"column":12}},"loc":{"start":{"line":115,"column":29},"end":{"line":124,"column":5}},"line":115},"13":{"name":"wrapFinalCallback","decl":{"start":{"line":127,"column":11},"end":{"line":127,"column":28}},"loc":{"start":{"line":127,"column":52},"end":{"line":133,"column":3}},"line":127},"14":{"name":"(anonymous_14)","decl":{"start":{"line":128,"column":11},"end":{"line":128,"column":12}},"loc":{"start":{"line":128,"column":33},"end":{"line":132,"column":5}},"line":128},"15":{"name":"evaluateObjectStatement","decl":{"start":{"line":135,"column":11},"end":{"line":135,"column":34}},"loc":{"start":{"line":135,"column":47},"end":{"line":141,"column":3}},"line":135},"16":{"name":"evaluateArrayStatement","decl":{"start":{"line":143,"column":11},"end":{"line":143,"column":33}},"loc":{"start":{"line":143,"column":46},"end":{"line":149,"column":3}},"line":143},"17":{"name":"evaluateDottedVariable","decl":{"start":{"line":151,"column":11},"end":{"line":151,"column":33}},"loc":{"start":{"line":151,"column":46},"end":{"line":167,"column":3}},"line":151},"18":{"name":"evaluateStatement","decl":{"start":{"line":169,"column":11},"end":{"line":169,"column":28}},"loc":{"start":{"line":169,"column":54},"end":{"line":209,"column":3}},"line":169},"19":{"name":"createNestedChainActions","decl":{"start":{"line":211,"column":11},"end":{"line":211,"column":35}},"loc":{"start":{"line":211,"column":59},"end":{"line":220,"column":3}},"line":211},"20":{"name":"(anonymous_20)","decl":{"start":{"line":214,"column":19},"end":{"line":214,"column":20}},"loc":{"start":{"line":214,"column":29},"end":{"line":217,"column":7}},"line":214},"21":{"name":"getVariableTrueName","decl":{"start":{"line":222,"column":11},"end":{"line":222,"column":30}},"loc":{"start":{"line":222,"column":38},"end":{"line":239,"column":3}},"line":222},"22":{"name":"(anonymous_22)","decl":{"start":{"line":225,"column":45},"end":{"line":225,"column":46}},"loc":{"start":{"line":225,"column":58},"end":{"line":229,"column":7}},"line":225},"23":{"name":"setVariable","decl":{"start":{"line":241,"column":11},"end":{"line":241,"column":22}},"loc":{"start":{"line":241,"column":37},"end":{"line":255,"column":3}},"line":241},"24":{"name":"createSingleChainCallback","decl":{"start":{"line":257,"column":11},"end":{"line":257,"column":36}},"loc":{"start":{"line":257,"column":66},"end":{"line":277,"column":3}},"line":257},"25":{"name":"(anonymous_25)","decl":{"start":{"line":258,"column":11},"end":{"line":258,"column":12}},"loc":{"start":{"line":258,"column":30},"end":{"line":276,"column":5}},"line":258},"26":{"name":"createSingleChainAction","decl":{"start":{"line":279,"column":11},"end":{"line":279,"column":34}},"loc":{"start":{"line":279,"column":58},"end":{"line":308,"column":3}},"line":279},"27":{"name":"(anonymous_27)","decl":{"start":{"line":280,"column":11},"end":{"line":280,"column":12}},"loc":{"start":{"line":280,"column":21},"end":{"line":307,"column":5}},"line":280},"28":{"name":"createChainRunner","decl":{"start":{"line":310,"column":11},"end":{"line":310,"column":28}},"loc":{"start":{"line":310,"column":70},"end":{"line":351,"column":3}},"line":310},"29":{"name":"(anonymous_29)","decl":{"start":{"line":313,"column":11},"end":{"line":313,"column":12}},"loc":{"start":{"line":313,"column":25},"end":{"line":350,"column":5}},"line":313},"30":{"name":"(anonymous_30)","decl":{"start":{"line":338,"column":19},"end":{"line":338,"column":20}},"loc":{"start":{"line":338,"column":29},"end":{"line":348,"column":7}},"line":338},"31":{"name":"assignVariableByInsValue","decl":{"start":{"line":353,"column":11},"end":{"line":353,"column":35}},"loc":{"start":{"line":353,"column":54},"end":{"line":368,"column":3}},"line":353},"32":{"name":"runRootChain","decl":{"start":{"line":370,"column":11},"end":{"line":370,"column":23}},"loc":{"start":{"line":370,"column":80},"end":{"line":394,"column":3}},"line":370},"33":{"name":"executeChainScript","decl":{"start":{"line":396,"column":11},"end":{"line":396,"column":29}},"loc":{"start":{"line":396,"column":82},"end":{"line":407,"column":3}},"line":396},"34":{"name":"(anonymous_34)","decl":{"start":{"line":397,"column":40},"end":{"line":397,"column":41}},"loc":{"start":{"line":397,"column":61},"end":{"line":406,"column":5}},"line":397},"35":{"name":"logMessage","decl":{"start":{"line":409,"column":11},"end":{"line":409,"column":21}},"loc":{"start":{"line":409,"column":43},"end":{"line":416,"column":3}},"line":409}},"branchMap":{"0":{"loc":{"start":{"line":27,"column":30},"end":{"line":27,"column":38}},"type":"default-arg","locations":[{"start":{"line":27,"column":36},"end":{"line":27,"column":38}}],"line":27},"1":{"loc":{"start":{"line":27,"column":40},"end":{"line":27,"column":49}},"type":"default-arg","locations":[{"start":{"line":27,"column":47},"end":{"line":27,"column":49}}],"line":27},"2":{"loc":{"start":{"line":27,"column":51},"end":{"line":27,"column":66}},"type":"default-arg","locations":[{"start":{"line":27,"column":62},"end":{"line":27,"column":66}}],"line":27},"3":{"loc":{"start":{"line":31,"column":4},"end":{"line":36,"column":5}},"type":"if","locations":[{"start":{"line":31,"column":4},"end":{"line":36,"column":5}},{"start":{"line":31,"column":4},"end":{"line":36,"column":5}}],"line":31},"4":{"loc":{"start":{"line":45,"column":35},"end":{"line":45,"column":86}},"type":"binary-expr","locations":[{"start":{"line":45,"column":35},"end":{"line":45,"column":41}},{"start":{"line":45,"column":45},"end":{"line":45,"column":86}}],"line":45},"5":{"loc":{"start":{"line":46,"column":6},"end":{"line":53,"column":7}},"type":"if","locations":[{"start":{"line":46,"column":6},"end":{"line":53,"column":7}},{"start":{"line":46,"column":6},"end":{"line":53,"column":7}}],"line":46},"6":{"loc":{"start":{"line":48,"column":10},"end":{"line":50,"column":11}},"type":"if","locations":[{"start":{"line":48,"column":10},"end":{"line":50,"column":11}},{"start":{"line":48,"column":10},"end":{"line":50,"column":11}}],"line":48},"7":{"loc":{"start":{"line":60,"column":6},"end":{"line":62,"column":7}},"type":"if","locations":[{"start":{"line":60,"column":6},"end":{"line":62,"column":7}},{"start":{"line":60,"column":6},"end":{"line":62,"column":7}}],"line":60},"8":{"loc":{"start":{"line":64,"column":8},"end":{"line":66,"column":9}},"type":"if","locations":[{"start":{"line":64,"column":8},"end":{"line":66,"column":9}},{"start":{"line":64,"column":8},"end":{"line":66,"column":9}}],"line":64},"9":{"loc":{"start":{"line":83,"column":4},"end":{"line":87,"column":5}},"type":"if","locations":[{"start":{"line":83,"column":4},"end":{"line":87,"column":5}},{"start":{"line":83,"column":4},"end":{"line":87,"column":5}}],"line":83},"10":{"loc":{"start":{"line":85,"column":11},"end":{"line":87,"column":5}},"type":"if","locations":[{"start":{"line":85,"column":11},"end":{"line":87,"column":5}},{"start":{"line":85,"column":11},"end":{"line":87,"column":5}}],"line":85},"11":{"loc":{"start":{"line":92,"column":4},"end":{"line":98,"column":5}},"type":"if","locations":[{"start":{"line":92,"column":4},"end":{"line":98,"column":5}},{"start":{"line":92,"column":4},"end":{"line":98,"column":5}}],"line":92},"12":{"loc":{"start":{"line":94,"column":11},"end":{"line":98,"column":5}},"type":"if","locations":[{"start":{"line":94,"column":11},"end":{"line":98,"column":5}},{"start":{"line":94,"column":11},"end":{"line":98,"column":5}}],"line":94},"13":{"loc":{"start":{"line":96,"column":11},"end":{"line":98,"column":5}},"type":"if","locations":[{"start":{"line":96,"column":11},"end":{"line":98,"column":5}},{"start":{"line":96,"column":11},"end":{"line":98,"column":5}}],"line":96},"14":{"loc":{"start":{"line":96,"column":15},"end":{"line":96,"column":64}},"type":"binary-expr","locations":[{"start":{"line":96,"column":15},"end":{"line":96,"column":35}},{"start":{"line":96,"column":39},"end":{"line":96,"column":64}}],"line":96},"15":{"loc":{"start":{"line":103,"column":4},"end":{"line":108,"column":5}},"type":"if","locations":[{"start":{"line":103,"column":4},"end":{"line":108,"column":5}},{"start":{"line":103,"column":4},"end":{"line":108,"column":5}}],"line":103},"16":{"loc":{"start":{"line":105,"column":6},"end":{"line":107,"column":7}},"type":"if","locations":[{"start":{"line":105,"column":6},"end":{"line":107,"column":7}},{"start":{"line":105,"column":6},"end":{"line":107,"column":7}}],"line":105},"17":{"loc":{"start":{"line":105,"column":10},"end":{"line":105,"column":84}},"type":"binary-expr","locations":[{"start":{"line":105,"column":10},"end":{"line":105,"column":38}},{"start":{"line":105,"column":42},"end":{"line":105,"column":84}}],"line":105},"18":{"loc":{"start":{"line":112,"column":4},"end":{"line":114,"column":5}},"type":"if","locations":[{"start":{"line":112,"column":4},"end":{"line":114,"column":5}},{"start":{"line":112,"column":4},"end":{"line":114,"column":5}}],"line":112},"19":{"loc":{"start":{"line":116,"column":6},"end":{"line":123,"column":7}},"type":"if","locations":[{"start":{"line":116,"column":6},"end":{"line":123,"column":7}},{"start":{"line":116,"column":6},"end":{"line":123,"column":7}}],"line":116},"20":{"loc":{"start":{"line":118,"column":13},"end":{"line":123,"column":7}},"type":"if","locations":[{"start":{"line":118,"column":13},"end":{"line":123,"column":7}},{"start":{"line":118,"column":13},"end":{"line":123,"column":7}}],"line":118},"21":{"loc":{"start":{"line":154,"column":4},"end":{"line":165,"column":5}},"type":"if","locations":[{"start":{"line":154,"column":4},"end":{"line":165,"column":5}},{"start":{"line":154,"column":4},"end":{"line":165,"column":5}}],"line":154},"22":{"loc":{"start":{"line":157,"column":8},"end":{"line":163,"column":9}},"type":"if","locations":[{"start":{"line":157,"column":8},"end":{"line":163,"column":9}},{"start":{"line":157,"column":8},"end":{"line":163,"column":9}}],"line":157},"23":{"loc":{"start":{"line":169,"column":41},"end":{"line":169,"column":52}},"type":"default-arg","locations":[{"start":{"line":169,"column":47},"end":{"line":169,"column":52}}],"line":169},"24":{"loc":{"start":{"line":170,"column":4},"end":{"line":172,"column":5}},"type":"if","locations":[{"start":{"line":170,"column":4},"end":{"line":172,"column":5}},{"start":{"line":170,"column":4},"end":{"line":172,"column":5}}],"line":170},"25":{"loc":{"start":{"line":173,"column":4},"end":{"line":175,"column":5}},"type":"if","locations":[{"start":{"line":173,"column":4},"end":{"line":175,"column":5}},{"start":{"line":173,"column":4},"end":{"line":175,"column":5}}],"line":173},"26":{"loc":{"start":{"line":176,"column":4},"end":{"line":179,"column":5}},"type":"if","locations":[{"start":{"line":176,"column":4},"end":{"line":179,"column":5}},{"start":{"line":176,"column":4},"end":{"line":179,"column":5}}],"line":176},"27":{"loc":{"start":{"line":184,"column":6},"end":{"line":187,"column":7}},"type":"if","locations":[{"start":{"line":184,"column":6},"end":{"line":187,"column":7}},{"start":{"line":184,"column":6},"end":{"line":187,"column":7}}],"line":184},"28":{"loc":{"start":{"line":184,"column":10},"end":{"line":184,"column":68}},"type":"binary-expr","locations":[{"start":{"line":184,"column":10},"end":{"line":184,"column":34}},{"start":{"line":184,"column":38},"end":{"line":184,"column":68}}],"line":184},"29":{"loc":{"start":{"line":189,"column":6},"end":{"line":193,"column":7}},"type":"if","locations":[{"start":{"line":189,"column":6},"end":{"line":193,"column":7}},{"start":{"line":189,"column":6},"end":{"line":193,"column":7}}],"line":189},"30":{"loc":{"start":{"line":196,"column":8},"end":{"line":199,"column":9}},"type":"if","locations":[{"start":{"line":196,"column":8},"end":{"line":199,"column":9}},{"start":{"line":196,"column":8},"end":{"line":199,"column":9}}],"line":196},"31":{"loc":{"start":{"line":203,"column":8},"end":{"line":205,"column":9}},"type":"if","locations":[{"start":{"line":203,"column":8},"end":{"line":205,"column":9}},{"start":{"line":203,"column":8},"end":{"line":205,"column":9}}],"line":203},"32":{"loc":{"start":{"line":230,"column":6},"end":{"line":232,"column":7}},"type":"if","locations":[{"start":{"line":230,"column":6},"end":{"line":232,"column":7}},{"start":{"line":230,"column":6},"end":{"line":232,"column":7}}],"line":230},"33":{"loc":{"start":{"line":247,"column":6},"end":{"line":252,"column":7}},"type":"if","locations":[{"start":{"line":247,"column":6},"end":{"line":252,"column":7}},{"start":{"line":247,"column":6},"end":{"line":252,"column":7}}],"line":247},"34":{"loc":{"start":{"line":250,"column":13},"end":{"line":252,"column":7}},"type":"if","locations":[{"start":{"line":250,"column":13},"end":{"line":252,"column":7}},{"start":{"line":250,"column":13},"end":{"line":252,"column":7}}],"line":250},"35":{"loc":{"start":{"line":259,"column":6},"end":{"line":264,"column":7}},"type":"if","locations":[{"start":{"line":259,"column":6},"end":{"line":264,"column":7}},{"start":{"line":259,"column":6},"end":{"line":264,"column":7}}],"line":259},"36":{"loc":{"start":{"line":283,"column":8},"end":{"line":287,"column":9}},"type":"if","locations":[{"start":{"line":283,"column":8},"end":{"line":287,"column":9}},{"start":{"line":283,"column":8},"end":{"line":287,"column":9}}],"line":283},"37":{"loc":{"start":{"line":289,"column":8},"end":{"line":291,"column":9}},"type":"if","locations":[{"start":{"line":289,"column":8},"end":{"line":291,"column":9}},{"start":{"line":289,"column":8},"end":{"line":291,"column":9}}],"line":289},"38":{"loc":{"start":{"line":310,"column":52},"end":{"line":310,"column":68}},"type":"default-arg","locations":[{"start":{"line":310,"column":64},"end":{"line":310,"column":68}}],"line":310},"39":{"loc":{"start":{"line":311,"column":27},"end":{"line":311,"column":74}},"type":"binary-expr","locations":[{"start":{"line":311,"column":27},"end":{"line":311,"column":44}},{"start":{"line":311,"column":48},"end":{"line":311,"column":74}}],"line":311},"40":{"loc":{"start":{"line":312,"column":22},"end":{"line":312,"column":99}},"type":"cond-expr","locations":[{"start":{"line":312,"column":70},"end":{"line":312,"column":84}},{"start":{"line":312,"column":87},"end":{"line":312,"column":99}}],"line":312},"41":{"loc":{"start":{"line":312,"column":22},"end":{"line":312,"column":67}},"type":"binary-expr","locations":[{"start":{"line":312,"column":22},"end":{"line":312,"column":38}},{"start":{"line":312,"column":42},"end":{"line":312,"column":67}}],"line":312},"42":{"loc":{"start":{"line":315,"column":6},"end":{"line":317,"column":7}},"type":"if","locations":[{"start":{"line":315,"column":6},"end":{"line":317,"column":7}},{"start":{"line":315,"column":6},"end":{"line":317,"column":7}}],"line":315},"43":{"loc":{"start":{"line":320,"column":6},"end":{"line":328,"column":7}},"type":"if","locations":[{"start":{"line":320,"column":6},"end":{"line":328,"column":7}},{"start":{"line":320,"column":6},"end":{"line":328,"column":7}}],"line":320},"44":{"loc":{"start":{"line":321,"column":8},"end":{"line":324,"column":9}},"type":"if","locations":[{"start":{"line":321,"column":8},"end":{"line":324,"column":9}},{"start":{"line":321,"column":8},"end":{"line":324,"column":9}}],"line":321},"45":{"loc":{"start":{"line":329,"column":6},"end":{"line":337,"column":7}},"type":"if","locations":[{"start":{"line":329,"column":6},"end":{"line":337,"column":7}},{"start":{"line":329,"column":6},"end":{"line":337,"column":7}}],"line":329},"46":{"loc":{"start":{"line":329,"column":10},"end":{"line":329,"column":57}},"type":"binary-expr","locations":[{"start":{"line":329,"column":10},"end":{"line":329,"column":27}},{"start":{"line":329,"column":31},"end":{"line":329,"column":57}}],"line":329},"47":{"loc":{"start":{"line":333,"column":13},"end":{"line":337,"column":7}},"type":"if","locations":[{"start":{"line":333,"column":13},"end":{"line":337,"column":7}},{"start":{"line":333,"column":13},"end":{"line":337,"column":7}}],"line":333},"48":{"loc":{"start":{"line":340,"column":8},"end":{"line":347,"column":9}},"type":"if","locations":[{"start":{"line":340,"column":8},"end":{"line":347,"column":9}},{"start":{"line":340,"column":8},"end":{"line":347,"column":9}}],"line":340},"49":{"loc":{"start":{"line":358,"column":6},"end":{"line":366,"column":7}},"type":"if","locations":[{"start":{"line":358,"column":6},"end":{"line":366,"column":7}},{"start":{"line":358,"column":6},"end":{"line":366,"column":7}}],"line":358},"50":{"loc":{"start":{"line":364,"column":13},"end":{"line":366,"column":7}},"type":"if","locations":[{"start":{"line":364,"column":13},"end":{"line":366,"column":7}},{"start":{"line":364,"column":13},"end":{"line":366,"column":7}}],"line":364},"51":{"loc":{"start":{"line":370,"column":32},"end":{"line":370,"column":45}},"type":"default-arg","locations":[{"start":{"line":370,"column":43},"end":{"line":370,"column":45}}],"line":370},"52":{"loc":{"start":{"line":370,"column":47},"end":{"line":370,"column":56}},"type":"default-arg","locations":[{"start":{"line":370,"column":54},"end":{"line":370,"column":56}}],"line":370},"53":{"loc":{"start":{"line":370,"column":58},"end":{"line":370,"column":78}},"type":"default-arg","locations":[{"start":{"line":370,"column":74},"end":{"line":370,"column":78}}],"line":370},"54":{"loc":{"start":{"line":372,"column":21},"end":{"line":372,"column":73}},"type":"binary-expr","locations":[{"start":{"line":372,"column":21},"end":{"line":372,"column":45}},{"start":{"line":372,"column":49},"end":{"line":372,"column":73}}],"line":372},"55":{"loc":{"start":{"line":386,"column":4},"end":{"line":388,"column":5}},"type":"if","locations":[{"start":{"line":386,"column":4},"end":{"line":388,"column":5}},{"start":{"line":386,"column":4},"end":{"line":388,"column":5}}],"line":386},"56":{"loc":{"start":{"line":396,"column":44},"end":{"line":396,"column":52}},"type":"default-arg","locations":[{"start":{"line":396,"column":50},"end":{"line":396,"column":52}}],"line":396},"57":{"loc":{"start":{"line":396,"column":54},"end":{"line":396,"column":63}},"type":"default-arg","locations":[{"start":{"line":396,"column":61},"end":{"line":396,"column":63}}],"line":396},"58":{"loc":{"start":{"line":396,"column":65},"end":{"line":396,"column":80}},"type":"default-arg","locations":[{"start":{"line":396,"column":76},"end":{"line":396,"column":80}}],"line":396},"59":{"loc":{"start":{"line":398,"column":6},"end":{"line":405,"column":7}},"type":"if","locations":[{"start":{"line":398,"column":6},"end":{"line":405,"column":7}},{"start":{"line":398,"column":6},"end":{"line":405,"column":7}}],"line":398},"60":{"loc":{"start":{"line":410,"column":4},"end":{"line":412,"column":5}},"type":"if","locations":[{"start":{"line":410,"column":4},"end":{"line":412,"column":5}},{"start":{"line":410,"column":4},"end":{"line":412,"column":5}}],"line":410}},"s":{"0":1,"1":1,"2":1,"3":1,"4":1,"5":1,"6":1,"7":1,"8":1,"9":1,"10":1,"11":1,"12":1,"13":1,"14":1,"15":56,"16":56,"17":56,"18":1,"19":1,"20":1,"21":55,"22":55,"23":55,"24":55,"25":55,"26":55,"27":55,"28":55,"29":55,"30":55,"31":46,"32":46,"33":0,"34":46,"35":9,"36":9,"37":9,"38":0,"39":9,"40":9,"41":0,"42":9,"43":9,"44":9,"45":9,"46":244,"47":244,"48":56,"49":56,"50":0,"51":0,"52":0,"53":0,"54":0,"55":0,"56":0,"57":0,"58":0,"59":0,"60":0,"61":0,"62":0,"63":0,"64":56,"65":56,"66":0,"67":0,"68":0,"69":0,"70":0,"71":0,"72":0,"73":56,"74":56,"75":56,"76":56,"77":643,"78":643,"79":1987,"80":476,"81":158,"82":158,"83":390,"84":158,"85":1121,"86":1121,"87":1121,"88":128,"89":128,"90":284,"91":265,"92":265,"93":19,"94":19,"95":1121,"96":3547,"97":643,"98":2904,"99":85,"100":2819,"101":228,"102":2591,"103":2591,"104":1548,"105":316,"106":1232,"107":1194,"108":73,"109":73,"110":1121,"111":1121,"112":1121,"113":109,"114":1012,"115":743,"116":0,"117":743,"118":107,"119":107,"120":258,"121":258,"122":258,"123":107,"124":188,"125":218,"126":60,"127":60,"128":60,"129":218,"130":188,"131":30,"132":188,"133":188,"134":188,"135":188,"136":188,"137":188,"138":188,"139":297,"140":297,"141":188,"142":188,"143":109,"144":16,"145":109,"146":188,"147":188,"148":0,"149":0,"150":0,"151":0,"152":188,"153":188,"154":188,"155":188,"156":188,"157":0,"158":0,"159":0,"160":0,"161":188,"162":188,"163":188,"164":169,"165":19,"166":188,"167":188,"168":0,"169":188,"170":188,"171":188,"172":188,"173":188,"174":0,"175":0,"176":0,"177":0,"178":344,"179":344,"180":344,"181":344,"182":344,"183":0,"184":344,"185":344,"186":344,"187":314,"188":49,"189":49,"190":265,"191":30,"192":295,"193":107,"194":107,"195":107,"196":188,"197":188,"198":188,"199":188,"200":295,"201":295,"202":295,"203":265,"204":265,"205":30,"206":30,"207":30,"208":295,"209":56,"210":56,"211":63,"212":63,"213":62,"214":62,"215":38,"216":1,"217":1,"218":56,"219":56,"220":56,"221":56,"222":56,"223":56,"224":56,"225":17,"226":56,"227":56,"228":56,"229":56,"230":56,"231":0,"232":0,"233":0,"234":0,"235":56,"236":2593,"237":2586,"238":7,"239":7,"240":7},"f":{"0":56,"1":56,"2":55,"3":46,"4":9,"5":9,"6":9,"7":244,"8":56,"9":0,"10":0,"11":56,"12":0,"13":56,"14":56,"15":643,"16":158,"17":1121,"18":3547,"19":107,"20":258,"21":188,"22":60,"23":188,"24":188,"25":188,"26":188,"27":188,"28":344,"29":344,"30":295,"31":56,"32":56,"33":56,"34":56,"35":2593},"b":{"0":[0],"1":[0],"2":[0],"3":[1,55],"4":[55,46],"5":[46,9],"6":[0,46],"7":[0,9],"8":[0,9],"9":[56,0],"10":[0,0],"11":[0,0],"12":[0,0],"13":[0,0],"14":[0,0],"15":[0,0],"16":[0,0],"17":[0,0],"18":[56,0],"19":[0,0],"20":[0,0],"21":[128,993],"22":[265,19],"23":[3487],"24":[643,2904],"25":[85,2819],"26":[228,2591],"27":[316,1232],"28":[1548,1510],"29":[73,1121],"30":[109,1012],"31":[0,743],"32":[188,30],"33":[188,109],"34":[16,93],"35":[0,188],"36":[169,19],"37":[0,188],"38":[258],"39":[344,127],"40":[12,332],"41":[344,127],"42":[0,344],"43":[314,30],"44":[49,265],"45":[107,188],"46":[295,107],"47":[188,0],"48":[265,30],"49":[62,1],"50":[1,0],"51":[0],"52":[0],"53":[0],"54":[56,55],"55":[17,39],"56":[0],"57":[0],"58":[0],"59":[0,56],"60":[2586,7]},"_coverageSchema":"332fd63041d2c1bcb487cc26dd0d5f7d97098a6c","hash":"4559150bcdcfc78b740f8fe26ba2b4b5763124db","contentHash":"8c434383ec599372740afd72b1455028_11.2.1"},"/home/gofrendi/chimera-framework/lib/util.js":{"path":"/home/gofrendi/chimera-framework/lib/util.js","statementMap":{"0":{"start":{"line":4,"column":0},"end":{"line":25,"column":1}},"1":{"start":{"line":27,"column":17},"end":{"line":27,"column":32}},"2":{"start":{"line":28,"column":11},"end":{"line":28,"column":24}},"3":{"start":{"line":29,"column":14},"end":{"line":29,"column":30}},"4":{"start":{"line":30,"column":18},"end":{"line":30,"column":48}},"5":{"start":{"line":33,"column":2},"end":{"line":33,"column":49}},"6":{"start":{"line":37,"column":15},"end":{"line":37,"column":17}},"7":{"start":{"line":38,"column":2},"end":{"line":42,"column":3}},"8":{"start":{"line":39,"column":4},"end":{"line":41,"column":5}},"9":{"start":{"line":40,"column":6},"end":{"line":40,"column":28}},"10":{"start":{"line":43,"column":2},"end":{"line":43,"column":15}},"11":{"start":{"line":47,"column":2},"end":{"line":47,"column":24}},"12":{"start":{"line":48,"column":2},"end":{"line":48,"column":47}},"13":{"start":{"line":52,"column":2},"end":{"line":54,"column":3}},"14":{"start":{"line":53,"column":4},"end":{"line":53,"column":51}},"15":{"start":{"line":55,"column":2},"end":{"line":55,"column":15}},"16":{"start":{"line":59,"column":2},"end":{"line":61,"column":3}},"17":{"start":{"line":60,"column":4},"end":{"line":60,"column":20}},"18":{"start":{"line":62,"column":2},"end":{"line":62,"column":15}},"19":{"start":{"line":67,"column":15},"end":{"line":67,"column":25}},"20":{"start":{"line":68,"column":2},"end":{"line":68,"column":15}},"21":{"start":{"line":73,"column":2},"end":{"line":73,"column":32}},"22":{"start":{"line":74,"column":2},"end":{"line":74,"column":40}},"23":{"start":{"line":76,"column":2},"end":{"line":88,"column":3}},"24":{"start":{"line":77,"column":4},"end":{"line":87,"column":5}},"25":{"start":{"line":79,"column":6},"end":{"line":83,"column":7}},"26":{"start":{"line":80,"column":8},"end":{"line":80,"column":59}},"27":{"start":{"line":86,"column":6},"end":{"line":86,"column":29}},"28":{"start":{"line":89,"column":2},"end":{"line":89,"column":12}},"29":{"start":{"line":93,"column":25},"end":{"line":93,"column":26}},"30":{"start":{"line":94,"column":25},"end":{"line":94,"column":26}},"31":{"start":{"line":95,"column":13},"end":{"line":95,"column":15}},"32":{"start":{"line":96,"column":13},"end":{"line":96,"column":15}},"33":{"start":{"line":97,"column":2},"end":{"line":111,"column":3}},"34":{"start":{"line":98,"column":14},"end":{"line":98,"column":30}},"35":{"start":{"line":99,"column":4},"end":{"line":110,"column":5}},"36":{"start":{"line":100,"column":6},"end":{"line":100,"column":28}},"37":{"start":{"line":101,"column":6},"end":{"line":101,"column":31}},"38":{"start":{"line":102,"column":6},"end":{"line":102,"column":15}},"39":{"start":{"line":104,"column":6},"end":{"line":108,"column":7}},"40":{"start":{"line":105,"column":8},"end":{"line":105,"column":26}},"41":{"start":{"line":106,"column":13},"end":{"line":108,"column":7}},"42":{"start":{"line":107,"column":8},"end":{"line":107,"column":26}},"43":{"start":{"line":109,"column":6},"end":{"line":109,"column":17}},"44":{"start":{"line":112,"column":2},"end":{"line":112,"column":24}},"45":{"start":{"line":113,"column":2},"end":{"line":113,"column":13}},"46":{"start":{"line":126,"column":2},"end":{"line":128,"column":3}},"47":{"start":{"line":127,"column":4},"end":{"line":127,"column":29}},"48":{"start":{"line":129,"column":2},"end":{"line":129,"column":39}},"49":{"start":{"line":143,"column":2},"end":{"line":143,"column":25}},"50":{"start":{"line":144,"column":2},"end":{"line":144,"column":24}},"51":{"start":{"line":145,"column":2},"end":{"line":145,"column":27}},"52":{"start":{"line":149,"column":2},"end":{"line":149,"column":63}},"53":{"start":{"line":153,"column":2},"end":{"line":153,"column":55}},"54":{"start":{"line":157,"column":2},"end":{"line":157,"column":63}},"55":{"start":{"line":161,"column":2},"end":{"line":161,"column":94}},"56":{"start":{"line":165,"column":2},"end":{"line":165,"column":39}},"57":{"start":{"line":169,"column":2},"end":{"line":169,"column":23}},"58":{"start":{"line":173,"column":2},"end":{"line":173,"column":57}},"59":{"start":{"line":177,"column":2},"end":{"line":177,"column":38}},"60":{"start":{"line":181,"column":2},"end":{"line":192,"column":4}},"61":{"start":{"line":182,"column":4},"end":{"line":191,"column":5}},"62":{"start":{"line":183,"column":6},"end":{"line":183,"column":25}},"63":{"start":{"line":185,"column":6},"end":{"line":190,"column":7}},"64":{"start":{"line":186,"column":18},"end":{"line":186,"column":42}},"65":{"start":{"line":187,"column":8},"end":{"line":187,"column":27}},"66":{"start":{"line":189,"column":8},"end":{"line":189,"column":27}},"67":{"start":{"line":196,"column":16},"end":{"line":196,"column":30}},"68":{"start":{"line":197,"column":2},"end":{"line":197,"column":43}}},"fnMap":{"0":{"name":"getInspectedObject","decl":{"start":{"line":32,"column":9},"end":{"line":32,"column":27}},"loc":{"start":{"line":32,"column":40},"end":{"line":34,"column":1}},"line":32},"1":{"name":"getFilteredObject","decl":{"start":{"line":36,"column":9},"end":{"line":36,"column":26}},"loc":{"start":{"line":36,"column":48},"end":{"line":44,"column":1}},"line":36},"2":{"name":"getUnwrapped","decl":{"start":{"line":46,"column":9},"end":{"line":46,"column":21}},"loc":{"start":{"line":46,"column":31},"end":{"line":49,"column":1}},"line":46},"3":{"name":"getSlicedString","decl":{"start":{"line":51,"column":9},"end":{"line":51,"column":24}},"loc":{"start":{"line":51,"column":41},"end":{"line":56,"column":1}},"line":51},"4":{"name":"getStretchedString","decl":{"start":{"line":58,"column":9},"end":{"line":58,"column":27}},"loc":{"start":{"line":58,"column":59},"end":{"line":63,"column":1}},"line":58},"5":{"name":"getDeepCopiedObject","decl":{"start":{"line":66,"column":9},"end":{"line":66,"column":28}},"loc":{"start":{"line":66,"column":35},"end":{"line":69,"column":1}},"line":66},"6":{"name":"getPatchedObject","decl":{"start":{"line":72,"column":9},"end":{"line":72,"column":25}},"loc":{"start":{"line":72,"column":41},"end":{"line":90,"column":1}},"line":72},"7":{"name":"getSmartSplitted","decl":{"start":{"line":92,"column":9},"end":{"line":92,"column":25}},"loc":{"start":{"line":92,"column":46},"end":{"line":114,"column":1}},"line":92},"8":{"name":"getQuoted","decl":{"start":{"line":125,"column":9},"end":{"line":125,"column":18}},"loc":{"start":{"line":125,"column":28},"end":{"line":130,"column":1}},"line":125},"9":{"name":"getUnquoted","decl":{"start":{"line":142,"column":9},"end":{"line":142,"column":20}},"loc":{"start":{"line":142,"column":30},"end":{"line":146,"column":1}},"line":142},"10":{"name":"isString","decl":{"start":{"line":148,"column":9},"end":{"line":148,"column":17}},"loc":{"start":{"line":148,"column":26},"end":{"line":150,"column":1}},"line":148},"11":{"name":"isArray","decl":{"start":{"line":152,"column":9},"end":{"line":152,"column":16}},"loc":{"start":{"line":152,"column":25},"end":{"line":154,"column":1}},"line":152},"12":{"name":"isObject","decl":{"start":{"line":156,"column":9},"end":{"line":156,"column":17}},"loc":{"start":{"line":156,"column":26},"end":{"line":158,"column":1}},"line":156},"13":{"name":"isRealObject","decl":{"start":{"line":160,"column":9},"end":{"line":160,"column":21}},"loc":{"start":{"line":160,"column":30},"end":{"line":162,"column":1}},"line":160},"14":{"name":"isUndefined","decl":{"start":{"line":164,"column":9},"end":{"line":164,"column":20}},"loc":{"start":{"line":164,"column":29},"end":{"line":166,"column":1}},"line":164},"15":{"name":"isNull","decl":{"start":{"line":168,"column":9},"end":{"line":168,"column":15}},"loc":{"start":{"line":168,"column":24},"end":{"line":170,"column":1}},"line":168},"16":{"name":"isNullOrUndefined","decl":{"start":{"line":172,"column":9},"end":{"line":172,"column":26}},"loc":{"start":{"line":172,"column":35},"end":{"line":174,"column":1}},"line":172},"17":{"name":"isFunction","decl":{"start":{"line":176,"column":9},"end":{"line":176,"column":19}},"loc":{"start":{"line":176,"column":28},"end":{"line":178,"column":1}},"line":176},"18":{"name":"readJsonFile","decl":{"start":{"line":180,"column":9},"end":{"line":180,"column":21}},"loc":{"start":{"line":180,"column":43},"end":{"line":193,"column":1}},"line":180},"19":{"name":"(anonymous_19)","decl":{"start":{"line":181,"column":24},"end":{"line":181,"column":25}},"loc":{"start":{"line":181,"column":47},"end":{"line":192,"column":3}},"line":181},"20":{"name":"writeJsonFile","decl":{"start":{"line":195,"column":9},"end":{"line":195,"column":22}},"loc":{"start":{"line":195,"column":49},"end":{"line":198,"column":1}},"line":195}},"branchMap":{"0":{"loc":{"start":{"line":39,"column":4},"end":{"line":41,"column":5}},"type":"if","locations":[{"start":{"line":39,"column":4},"end":{"line":41,"column":5}},{"start":{"line":39,"column":4},"end":{"line":41,"column":5}}],"line":39},"1":{"loc":{"start":{"line":52,"column":2},"end":{"line":54,"column":3}},"type":"if","locations":[{"start":{"line":52,"column":2},"end":{"line":54,"column":3}},{"start":{"line":52,"column":2},"end":{"line":54,"column":3}}],"line":52},"2":{"loc":{"start":{"line":58,"column":45},"end":{"line":58,"column":57}},"type":"default-arg","locations":[{"start":{"line":58,"column":54},"end":{"line":58,"column":57}}],"line":58},"3":{"loc":{"start":{"line":77,"column":4},"end":{"line":87,"column":5}},"type":"if","locations":[{"start":{"line":77,"column":4},"end":{"line":87,"column":5}},{"start":{"line":77,"column":4},"end":{"line":87,"column":5}}],"line":77},"4":{"loc":{"start":{"line":77,"column":8},"end":{"line":77,"column":76}},"type":"binary-expr","locations":[{"start":{"line":77,"column":9},"end":{"line":77,"column":19}},{"start":{"line":77,"column":24},"end":{"line":77,"column":46}},{"start":{"line":77,"column":50},"end":{"line":77,"column":76}}],"line":77},"5":{"loc":{"start":{"line":99,"column":4},"end":{"line":110,"column":5}},"type":"if","locations":[{"start":{"line":99,"column":4},"end":{"line":110,"column":5}},{"start":{"line":99,"column":4},"end":{"line":110,"column":5}}],"line":99},"6":{"loc":{"start":{"line":99,"column":8},"end":{"line":99,"column":123}},"type":"binary-expr","locations":[{"start":{"line":99,"column":8},"end":{"line":99,"column":63}},{"start":{"line":99,"column":67},"end":{"line":99,"column":93}},{"start":{"line":99,"column":97},"end":{"line":99,"column":123}}],"line":99},"7":{"loc":{"start":{"line":104,"column":6},"end":{"line":108,"column":7}},"type":"if","locations":[{"start":{"line":104,"column":6},"end":{"line":108,"column":7}},{"start":{"line":104,"column":6},"end":{"line":108,"column":7}}],"line":104},"8":{"loc":{"start":{"line":106,"column":13},"end":{"line":108,"column":7}},"type":"if","locations":[{"start":{"line":106,"column":13},"end":{"line":108,"column":7}},{"start":{"line":106,"column":13},"end":{"line":108,"column":7}}],"line":106},"9":{"loc":{"start":{"line":126,"column":2},"end":{"line":128,"column":3}},"type":"if","locations":[{"start":{"line":126,"column":2},"end":{"line":128,"column":3}},{"start":{"line":126,"column":2},"end":{"line":128,"column":3}}],"line":126},"10":{"loc":{"start":{"line":149,"column":9},"end":{"line":149,"column":63}},"type":"binary-expr","locations":[{"start":{"line":149,"column":9},"end":{"line":149,"column":36}},{"start":{"line":149,"column":40},"end":{"line":149,"column":63}}],"line":149},"11":{"loc":{"start":{"line":153,"column":9},"end":{"line":153,"column":55}},"type":"binary-expr","locations":[{"start":{"line":153,"column":9},"end":{"line":153,"column":29}},{"start":{"line":153,"column":33},"end":{"line":153,"column":55}}],"line":153},"12":{"loc":{"start":{"line":157,"column":9},"end":{"line":157,"column":63}},"type":"binary-expr","locations":[{"start":{"line":157,"column":9},"end":{"line":157,"column":36}},{"start":{"line":157,"column":40},"end":{"line":157,"column":63}}],"line":157},"13":{"loc":{"start":{"line":161,"column":9},"end":{"line":161,"column":94}},"type":"binary-expr","locations":[{"start":{"line":161,"column":9},"end":{"line":161,"column":34}},{"start":{"line":161,"column":38},"end":{"line":161,"column":56}},{"start":{"line":161,"column":60},"end":{"line":161,"column":75}},{"start":{"line":161,"column":79},"end":{"line":161,"column":94}}],"line":161},"14":{"loc":{"start":{"line":173,"column":9},"end":{"line":173,"column":57}},"type":"binary-expr","locations":[{"start":{"line":173,"column":9},"end":{"line":173,"column":39}},{"start":{"line":173,"column":43},"end":{"line":173,"column":57}}],"line":173},"15":{"loc":{"start":{"line":182,"column":4},"end":{"line":191,"column":5}},"type":"if","locations":[{"start":{"line":182,"column":4},"end":{"line":191,"column":5}},{"start":{"line":182,"column":4},"end":{"line":191,"column":5}}],"line":182}},"s":{"0":1,"1":1,"2":1,"3":1,"4":1,"5":751,"6":313,"7":313,"8":3617,"9":3292,"10":313,"11":457,"12":457,"13":3,"14":1,"15":3,"16":4,"17":49,"18":4,"19":807,"20":807,"21":382,"22":382,"23":382,"24":1460,"25":329,"26":329,"27":1131,"28":382,"29":557,"30":557,"31":557,"32":557,"33":557,"34":13105,"35":13105,"36":236,"37":236,"38":236,"39":12869,"40":14,"41":12855,"42":480,"43":12869,"44":557,"45":557,"46":152,"47":89,"48":63,"49":1,"50":1,"51":1,"52":2996,"53":8589,"54":4908,"55":5540,"56":7,"57":7,"58":5940,"59":5237,"60":1,"61":1,"62":0,"63":1,"64":1,"65":1,"66":0,"67":10,"68":10},"f":{"0":751,"1":313,"2":457,"3":3,"4":4,"5":807,"6":382,"7":557,"8":152,"9":1,"10":2996,"11":8589,"12":4908,"13":5540,"14":7,"15":7,"16":5940,"17":5237,"18":1,"19":1,"20":10},"b":{"0":[3292,325],"1":[1,2],"2":[0],"3":[329,1131],"4":[1460,1442,346],"5":[236,12869],"6":[13105,244,237],"7":[14,12855],"8":[480,12375],"9":[89,63],"10":[2996,487],"11":[8589,8003],"12":[4908,3461],"13":[5540,5111,5045,4901],"14":[5940,5828],"15":[0,1]},"_coverageSchema":"332fd63041d2c1bcb487cc26dd0d5f7d97098a6c","hash":"688b904a0a0933412b6d18b36503ffd0a702b3a2","contentHash":"b608a0ecb781603dd26464e7edb127c5_11.2.1"},"/home/gofrendi/chimera-framework/lib/core-preprocessor.js":{"path":"/home/gofrendi/chimera-framework/lib/core-preprocessor.js","statementMap":{"0":{"start":{"line":4,"column":0},"end":{"line":6,"column":1}},"1":{"start":{"line":8,"column":18},"end":{"line":8,"column":123}},"2":{"start":{"line":9,"column":20},"end":{"line":44,"column":1}},"3":{"start":{"line":46,"column":45},"end":{"line":46,"column":58}},"4":{"start":{"line":47,"column":41},"end":{"line":47,"column":54}},"5":{"start":{"line":48,"column":36},"end":{"line":48,"column":49}},"6":{"start":{"line":49,"column":38},"end":{"line":49,"column":49}},"7":{"start":{"line":50,"column":37},"end":{"line":50,"column":47}},"8":{"start":{"line":52,"column":17},"end":{"line":52,"column":37}},"9":{"start":{"line":53,"column":12},"end":{"line":53,"column":31}},"10":{"start":{"line":54,"column":13},"end":{"line":54,"column":33}},"11":{"start":{"line":55,"column":15},"end":{"line":55,"column":42}},"12":{"start":{"line":58,"column":17},"end":{"line":58,"column":18}},"13":{"start":{"line":61,"column":2},"end":{"line":61,"column":14}},"14":{"start":{"line":62,"column":2},"end":{"line":62,"column":41}},"15":{"start":{"line":63,"column":2},"end":{"line":63,"column":39}},"16":{"start":{"line":64,"column":2},"end":{"line":64,"column":43}},"17":{"start":{"line":65,"column":2},"end":{"line":65,"column":75}},"18":{"start":{"line":66,"column":2},"end":{"line":70,"column":3}},"19":{"start":{"line":67,"column":4},"end":{"line":67,"column":33}},"20":{"start":{"line":69,"column":4},"end":{"line":69,"column":21}},"21":{"start":{"line":71,"column":2},"end":{"line":71,"column":17}},"22":{"start":{"line":72,"column":2},"end":{"line":72,"column":17}},"23":{"start":{"line":73,"column":2},"end":{"line":73,"column":19}},"24":{"start":{"line":74,"column":2},"end":{"line":74,"column":28}},"25":{"start":{"line":77,"column":4},"end":{"line":79,"column":5}},"26":{"start":{"line":78,"column":6},"end":{"line":78,"column":31}},"27":{"start":{"line":80,"column":4},"end":{"line":80,"column":16}},"28":{"start":{"line":84,"column":4},"end":{"line":84,"column":25}},"29":{"start":{"line":85,"column":4},"end":{"line":85,"column":16}},"30":{"start":{"line":89,"column":24},"end":{"line":92,"column":5}},"31":{"start":{"line":93,"column":4},"end":{"line":97,"column":5}},"32":{"start":{"line":94,"column":6},"end":{"line":96,"column":7}},"33":{"start":{"line":95,"column":8},"end":{"line":95,"column":39}},"34":{"start":{"line":98,"column":4},"end":{"line":98,"column":16}},"35":{"start":{"line":102,"column":4},"end":{"line":107,"column":5}},"36":{"start":{"line":103,"column":6},"end":{"line":106,"column":7}},"37":{"start":{"line":104,"column":8},"end":{"line":104,"column":34}},"38":{"start":{"line":105,"column":8},"end":{"line":105,"column":25}},"39":{"start":{"line":108,"column":4},"end":{"line":108,"column":16}},"40":{"start":{"line":112,"column":4},"end":{"line":112,"column":50}},"41":{"start":{"line":117,"column":4},"end":{"line":121,"column":5}},"42":{"start":{"line":118,"column":6},"end":{"line":118,"column":58}},"43":{"start":{"line":120,"column":6},"end":{"line":120,"column":28}},"44":{"start":{"line":122,"column":4},"end":{"line":122,"column":43}},"45":{"start":{"line":123,"column":4},"end":{"line":123,"column":48}},"46":{"start":{"line":124,"column":4},"end":{"line":124,"column":20}},"47":{"start":{"line":128,"column":23},"end":{"line":128,"column":38}},"48":{"start":{"line":129,"column":4},"end":{"line":131,"column":5}},"49":{"start":{"line":130,"column":6},"end":{"line":130,"column":18}},"50":{"start":{"line":132,"column":23},"end":{"line":132,"column":48}},"51":{"start":{"line":133,"column":31},"end":{"line":133,"column":98}},"52":{"start":{"line":134,"column":30},"end":{"line":134,"column":79}},"53":{"start":{"line":135,"column":18},"end":{"line":135,"column":34}},"54":{"start":{"line":136,"column":4},"end":{"line":148,"column":5}},"55":{"start":{"line":137,"column":22},"end":{"line":137,"column":49}},"56":{"start":{"line":138,"column":19},"end":{"line":146,"column":7}},"57":{"start":{"line":147,"column":6},"end":{"line":147,"column":19}},"58":{"start":{"line":149,"column":4},"end":{"line":149,"column":18}},"59":{"start":{"line":153,"column":4},"end":{"line":167,"column":5}},"60":{"start":{"line":171,"column":4},"end":{"line":171,"column":76}},"61":{"start":{"line":175,"column":24},"end":{"line":175,"column":49}},"62":{"start":{"line":176,"column":4},"end":{"line":188,"column":5}},"63":{"start":{"line":177,"column":26},"end":{"line":177,"column":48}},"64":{"start":{"line":178,"column":23},"end":{"line":178,"column":51}},"65":{"start":{"line":179,"column":6},"end":{"line":187,"column":7}},"66":{"start":{"line":189,"column":4},"end":{"line":189,"column":16}},"67":{"start":{"line":193,"column":19},"end":{"line":193,"column":21}},"68":{"start":{"line":194,"column":4},"end":{"line":196,"column":5}},"69":{"start":{"line":195,"column":6},"end":{"line":195,"column":33}},"70":{"start":{"line":197,"column":4},"end":{"line":197,"column":19}},"71":{"start":{"line":201,"column":23},"end":{"line":201,"column":91}},"72":{"start":{"line":202,"column":4},"end":{"line":209,"column":5}},"73":{"start":{"line":204,"column":6},"end":{"line":208,"column":7}},"74":{"start":{"line":210,"column":4},"end":{"line":210,"column":15}},"75":{"start":{"line":214,"column":23},"end":{"line":214,"column":90}},"76":{"start":{"line":215,"column":4},"end":{"line":238,"column":5}},"77":{"start":{"line":217,"column":6},"end":{"line":221,"column":7}},"78":{"start":{"line":222,"column":11},"end":{"line":238,"column":5}},"79":{"start":{"line":223,"column":6},"end":{"line":237,"column":7}},"80":{"start":{"line":225,"column":8},"end":{"line":229,"column":9}},"81":{"start":{"line":232,"column":8},"end":{"line":236,"column":9}},"82":{"start":{"line":239,"column":4},"end":{"line":243,"column":5}},"83":{"start":{"line":247,"column":19},"end":{"line":247,"column":63}},"84":{"start":{"line":248,"column":4},"end":{"line":250,"column":5}},"85":{"start":{"line":249,"column":6},"end":{"line":249,"column":62}},"86":{"start":{"line":252,"column":4},"end":{"line":258,"column":5}},"87":{"start":{"line":253,"column":6},"end":{"line":257,"column":7}},"88":{"start":{"line":259,"column":4},"end":{"line":259,"column":19}},"89":{"start":{"line":263,"column":4},"end":{"line":265,"column":5}},"90":{"start":{"line":264,"column":6},"end":{"line":264,"column":24}},"91":{"start":{"line":266,"column":4},"end":{"line":266,"column":16}},"92":{"start":{"line":270,"column":21},"end":{"line":270,"column":39}},"93":{"start":{"line":271,"column":20},"end":{"line":271,"column":37}},"94":{"start":{"line":272,"column":25},"end":{"line":272,"column":59}},"95":{"start":{"line":273,"column":4},"end":{"line":275,"column":5}},"96":{"start":{"line":274,"column":6},"end":{"line":274,"column":39}},"97":{"start":{"line":276,"column":4},"end":{"line":276,"column":16}},"98":{"start":{"line":280,"column":16},"end":{"line":280,"column":44}},"99":{"start":{"line":281,"column":4},"end":{"line":283,"column":5}},"100":{"start":{"line":282,"column":6},"end":{"line":282,"column":29}},"101":{"start":{"line":284,"column":4},"end":{"line":284,"column":37}},"102":{"start":{"line":288,"column":4},"end":{"line":294,"column":5}},"103":{"start":{"line":289,"column":21},"end":{"line":289,"column":31}},"104":{"start":{"line":290,"column":20},"end":{"line":290,"column":32}},"105":{"start":{"line":291,"column":15},"end":{"line":291,"column":48}},"106":{"start":{"line":292,"column":19},"end":{"line":292,"column":30}},"107":{"start":{"line":293,"column":6},"end":{"line":293,"column":28}},"108":{"start":{"line":298,"column":4},"end":{"line":303,"column":5}},"109":{"start":{"line":299,"column":21},"end":{"line":299,"column":31}},"110":{"start":{"line":300,"column":20},"end":{"line":300,"column":32}},"111":{"start":{"line":301,"column":20},"end":{"line":301,"column":53}},"112":{"start":{"line":302,"column":6},"end":{"line":302,"column":58}},"113":{"start":{"line":302,"column":33},"end":{"line":302,"column":55}},"114":{"start":{"line":307,"column":4},"end":{"line":311,"column":5}},"115":{"start":{"line":308,"column":20},"end":{"line":308,"column":32}},"116":{"start":{"line":309,"column":15},"end":{"line":309,"column":48}},"117":{"start":{"line":310,"column":6},"end":{"line":310,"column":17}},"118":{"start":{"line":315,"column":4},"end":{"line":322,"column":5}},"119":{"start":{"line":316,"column":20},"end":{"line":316,"column":32}},"120":{"start":{"line":317,"column":21},"end":{"line":317,"column":31}},"121":{"start":{"line":318,"column":6},"end":{"line":320,"column":7}},"122":{"start":{"line":319,"column":8},"end":{"line":319,"column":61}},"123":{"start":{"line":321,"column":6},"end":{"line":321,"column":59}},"124":{"start":{"line":326,"column":18},"end":{"line":326,"column":50}},"125":{"start":{"line":327,"column":4},"end":{"line":327,"column":61}},"126":{"start":{"line":328,"column":4},"end":{"line":328,"column":16}},"127":{"start":{"line":332,"column":18},"end":{"line":332,"column":50}},"128":{"start":{"line":333,"column":4},"end":{"line":333,"column":63}},"129":{"start":{"line":334,"column":4},"end":{"line":334,"column":16}},"130":{"start":{"line":338,"column":18},"end":{"line":338,"column":50}},"131":{"start":{"line":339,"column":4},"end":{"line":339,"column":54}},"132":{"start":{"line":340,"column":4},"end":{"line":340,"column":16}},"133":{"start":{"line":344,"column":18},"end":{"line":344,"column":31}},"134":{"start":{"line":345,"column":4},"end":{"line":345,"column":59}},"135":{"start":{"line":346,"column":4},"end":{"line":346,"column":16}},"136":{"start":{"line":350,"column":21},"end":{"line":350,"column":39}},"137":{"start":{"line":351,"column":4},"end":{"line":353,"column":5}},"138":{"start":{"line":352,"column":6},"end":{"line":352,"column":18}},"139":{"start":{"line":354,"column":21},"end":{"line":354,"column":69}},"140":{"start":{"line":355,"column":23},"end":{"line":355,"column":80}},"141":{"start":{"line":356,"column":22},"end":{"line":356,"column":72}},"142":{"start":{"line":357,"column":26},"end":{"line":357,"column":75}},"143":{"start":{"line":359,"column":4},"end":{"line":362,"column":5}},"144":{"start":{"line":360,"column":6},"end":{"line":360,"column":47}},"145":{"start":{"line":361,"column":6},"end":{"line":361,"column":23}},"146":{"start":{"line":363,"column":4},"end":{"line":371,"column":5}},"147":{"start":{"line":364,"column":6},"end":{"line":364,"column":53}},"148":{"start":{"line":365,"column":11},"end":{"line":371,"column":5}},"149":{"start":{"line":366,"column":6},"end":{"line":366,"column":55}},"150":{"start":{"line":367,"column":11},"end":{"line":371,"column":5}},"151":{"start":{"line":368,"column":6},"end":{"line":368,"column":46}},"152":{"start":{"line":370,"column":6},"end":{"line":370,"column":44}},"153":{"start":{"line":372,"column":4},"end":{"line":372,"column":16}},"154":{"start":{"line":376,"column":4},"end":{"line":396,"column":5}},"155":{"start":{"line":377,"column":21},"end":{"line":377,"column":54}},"156":{"start":{"line":378,"column":6},"end":{"line":395,"column":7}},"157":{"start":{"line":380,"column":8},"end":{"line":380,"column":40}},"158":{"start":{"line":381,"column":13},"end":{"line":395,"column":7}},"159":{"start":{"line":383,"column":8},"end":{"line":383,"column":29}},"160":{"start":{"line":384,"column":8},"end":{"line":384,"column":28}},"161":{"start":{"line":385,"column":8},"end":{"line":389,"column":10}},"162":{"start":{"line":392,"column":8},"end":{"line":392,"column":32}},"163":{"start":{"line":393,"column":8},"end":{"line":393,"column":32}},"164":{"start":{"line":394,"column":8},"end":{"line":394,"column":40}},"165":{"start":{"line":397,"column":4},"end":{"line":397,"column":40}},"166":{"start":{"line":398,"column":4},"end":{"line":398,"column":44}},"167":{"start":{"line":399,"column":4},"end":{"line":399,"column":37}},"168":{"start":{"line":400,"column":4},"end":{"line":400,"column":16}},"169":{"start":{"line":404,"column":24},"end":{"line":404,"column":26}},"170":{"start":{"line":405,"column":4},"end":{"line":412,"column":5}},"171":{"start":{"line":406,"column":6},"end":{"line":411,"column":7}},"172":{"start":{"line":407,"column":8},"end":{"line":407,"column":39}},"173":{"start":{"line":409,"column":22},"end":{"line":409,"column":38}},"174":{"start":{"line":410,"column":8},"end":{"line":410,"column":43}},"175":{"start":{"line":413,"column":4},"end":{"line":413,"column":24}},"176":{"start":{"line":417,"column":4},"end":{"line":419,"column":5}},"177":{"start":{"line":418,"column":6},"end":{"line":418,"column":18}},"178":{"start":{"line":420,"column":23},"end":{"line":420,"column":74}},"179":{"start":{"line":421,"column":19},"end":{"line":421,"column":62}},"180":{"start":{"line":422,"column":4},"end":{"line":422,"column":28}},"181":{"start":{"line":423,"column":4},"end":{"line":423,"column":35}},"182":{"start":{"line":424,"column":4},"end":{"line":424,"column":19}},"183":{"start":{"line":428,"column":24},"end":{"line":428,"column":26}},"184":{"start":{"line":429,"column":4},"end":{"line":440,"column":5}},"185":{"start":{"line":430,"column":6},"end":{"line":430,"column":32}},"186":{"start":{"line":431,"column":6},"end":{"line":431,"column":35}},"187":{"start":{"line":432,"column":6},"end":{"line":439,"column":7}},"188":{"start":{"line":433,"column":8},"end":{"line":433,"column":33}},"189":{"start":{"line":434,"column":8},"end":{"line":434,"column":33}},"190":{"start":{"line":435,"column":8},"end":{"line":435,"column":37}},"191":{"start":{"line":437,"column":8},"end":{"line":437,"column":34}},"192":{"start":{"line":438,"column":8},"end":{"line":438,"column":36}},"193":{"start":{"line":441,"column":4},"end":{"line":441,"column":24}},"194":{"start":{"line":445,"column":20},"end":{"line":445,"column":22}},"195":{"start":{"line":446,"column":24},"end":{"line":446,"column":47}},"196":{"start":{"line":447,"column":4},"end":{"line":451,"column":5}},"197":{"start":{"line":448,"column":6},"end":{"line":450,"column":7}},"198":{"start":{"line":449,"column":8},"end":{"line":449,"column":35}},"199":{"start":{"line":452,"column":4},"end":{"line":452,"column":20}},"200":{"start":{"line":456,"column":4},"end":{"line":464,"column":5}},"201":{"start":{"line":457,"column":6},"end":{"line":457,"column":39}},"202":{"start":{"line":458,"column":6},"end":{"line":462,"column":7}},"203":{"start":{"line":459,"column":8},"end":{"line":461,"column":9}},"204":{"start":{"line":460,"column":10},"end":{"line":460,"column":63}},"205":{"start":{"line":463,"column":6},"end":{"line":463,"column":18}},"206":{"start":{"line":465,"column":4},"end":{"line":465,"column":35}},"207":{"start":{"line":466,"column":4},"end":{"line":466,"column":42}},"208":{"start":{"line":467,"column":4},"end":{"line":467,"column":44}},"209":{"start":{"line":468,"column":4},"end":{"line":468,"column":41}},"210":{"start":{"line":469,"column":4},"end":{"line":469,"column":42}},"211":{"start":{"line":470,"column":4},"end":{"line":470,"column":33}},"212":{"start":{"line":471,"column":4},"end":{"line":471,"column":47}},"213":{"start":{"line":472,"column":4},"end":{"line":472,"column":39}},"214":{"start":{"line":473,"column":4},"end":{"line":473,"column":42}},"215":{"start":{"line":474,"column":4},"end":{"line":474,"column":31}},"216":{"start":{"line":475,"column":4},"end":{"line":479,"column":5}},"217":{"start":{"line":476,"column":6},"end":{"line":478,"column":7}},"218":{"start":{"line":477,"column":8},"end":{"line":477,"column":62}},"219":{"start":{"line":480,"column":4},"end":{"line":480,"column":16}}},"fnMap":{"0":{"name":"getTrueRootChain","decl":{"start":{"line":57,"column":9},"end":{"line":57,"column":25}},"loc":{"start":{"line":57,"column":54},"end":{"line":482,"column":1}},"line":57},"1":{"name":"getChainAsObject","decl":{"start":{"line":76,"column":11},"end":{"line":76,"column":27}},"loc":{"start":{"line":76,"column":36},"end":{"line":81,"column":3}},"line":76},"2":{"name":"getChainWithId","decl":{"start":{"line":83,"column":11},"end":{"line":83,"column":25}},"loc":{"start":{"line":83,"column":34},"end":{"line":86,"column":3}},"line":83},"3":{"name":"getChainWithDefaultValues","decl":{"start":{"line":88,"column":11},"end":{"line":88,"column":36}},"loc":{"start":{"line":88,"column":45},"end":{"line":99,"column":3}},"line":88},"4":{"name":"getChainWithTrueMode","decl":{"start":{"line":101,"column":11},"end":{"line":101,"column":31}},"loc":{"start":{"line":101,"column":40},"end":{"line":109,"column":3}},"line":101},"5":{"name":"getIfPart","decl":{"start":{"line":111,"column":11},"end":{"line":111,"column":20}},"loc":{"start":{"line":111,"column":29},"end":{"line":113,"column":3}},"line":111},"6":{"name":"getProcessedElsePart","decl":{"start":{"line":115,"column":11},"end":{"line":115,"column":31}},"loc":{"start":{"line":115,"column":40},"end":{"line":125,"column":3}},"line":115},"7":{"name":"getProcessedIfElseChain","decl":{"start":{"line":127,"column":11},"end":{"line":127,"column":34}},"loc":{"start":{"line":127,"column":43},"end":{"line":150,"column":3}},"line":127},"8":{"name":"getProcessedErrorPart","decl":{"start":{"line":152,"column":11},"end":{"line":152,"column":32}},"loc":{"start":{"line":152,"column":41},"end":{"line":168,"column":3}},"line":152},"9":{"name":"getNonErrorPart","decl":{"start":{"line":170,"column":11},"end":{"line":170,"column":26}},"loc":{"start":{"line":170,"column":35},"end":{"line":172,"column":3}},"line":170},"10":{"name":"getProcessedErrorChain","decl":{"start":{"line":174,"column":11},"end":{"line":174,"column":33}},"loc":{"start":{"line":174,"column":42},"end":{"line":190,"column":3}},"line":174},"11":{"name":"getTrimmedArrayElements","decl":{"start":{"line":192,"column":11},"end":{"line":192,"column":34}},"loc":{"start":{"line":192,"column":51},"end":{"line":198,"column":3}},"line":192},"12":{"name":"splitCommandStringByLongArrow","decl":{"start":{"line":200,"column":11},"end":{"line":200,"column":40}},"loc":{"start":{"line":200,"column":57},"end":{"line":211,"column":3}},"line":200},"13":{"name":"splitCommandStringByShortArrow","decl":{"start":{"line":213,"column":11},"end":{"line":213,"column":41}},"loc":{"start":{"line":213,"column":58},"end":{"line":244,"column":3}},"line":213},"14":{"name":"splitCommandString","decl":{"start":{"line":246,"column":11},"end":{"line":246,"column":29}},"loc":{"start":{"line":246,"column":46},"end":{"line":260,"column":3}},"line":246},"15":{"name":"defineDefaultChainOut","decl":{"start":{"line":262,"column":11},"end":{"line":262,"column":32}},"loc":{"start":{"line":262,"column":41},"end":{"line":267,"column":3}},"line":262},"16":{"name":"defineDefaultChainCommand","decl":{"start":{"line":269,"column":11},"end":{"line":269,"column":36}},"loc":{"start":{"line":269,"column":45},"end":{"line":277,"column":3}},"line":269},"17":{"name":"getJsExecutable","decl":{"start":{"line":279,"column":11},"end":{"line":279,"column":26}},"loc":{"start":{"line":279,"column":46},"end":{"line":285,"column":3}},"line":279},"18":{"name":"getWrappedNormalFunction","decl":{"start":{"line":287,"column":11},"end":{"line":287,"column":35}},"loc":{"start":{"line":287,"column":46},"end":{"line":295,"column":3}},"line":287},"19":{"name":"(anonymous_19)","decl":{"start":{"line":288,"column":11},"end":{"line":288,"column":12}},"loc":{"start":{"line":288,"column":24},"end":{"line":294,"column":5}},"line":288},"20":{"name":"getWrappedPromise","decl":{"start":{"line":297,"column":11},"end":{"line":297,"column":28}},"loc":{"start":{"line":297,"column":39},"end":{"line":304,"column":3}},"line":297},"21":{"name":"(anonymous_21)","decl":{"start":{"line":298,"column":11},"end":{"line":298,"column":12}},"loc":{"start":{"line":298,"column":24},"end":{"line":303,"column":5}},"line":298},"22":{"name":"(anonymous_22)","decl":{"start":{"line":302,"column":19},"end":{"line":302,"column":20}},"loc":{"start":{"line":302,"column":31},"end":{"line":302,"column":57}},"line":302},"23":{"name":"getWrappedCallbackFunction","decl":{"start":{"line":306,"column":11},"end":{"line":306,"column":37}},"loc":{"start":{"line":306,"column":48},"end":{"line":312,"column":3}},"line":306},"24":{"name":"(anonymous_24)","decl":{"start":{"line":307,"column":11},"end":{"line":307,"column":12}},"loc":{"start":{"line":307,"column":24},"end":{"line":311,"column":5}},"line":307},"25":{"name":"getWrappedShellCommand","decl":{"start":{"line":314,"column":11},"end":{"line":314,"column":33}},"loc":{"start":{"line":314,"column":44},"end":{"line":323,"column":3}},"line":314},"26":{"name":"(anonymous_26)","decl":{"start":{"line":315,"column":11},"end":{"line":315,"column":12}},"loc":{"start":{"line":315,"column":24},"end":{"line":322,"column":5}},"line":315},"27":{"name":"getNormalFunctionComp
[...]
,"column":10},"end":{"line":244,"column":11}},{"start":{"line":238,"column":10},"end":{"line":244,"column":11}}],"line":238},"13":{"loc":{"start":{"line":257,"column":6},"end":{"line":259,"column":7}},"type":"if","locations":[{"start":{"line":257,"column":6},"end":{"line":259,"column":7}},{"start":{"line":257,"column":6},"end":{"line":259,"column":7}}],"line":257},"14":{"loc":{"start":{"line":257,"column":10},"end":{"line":257,"column":69}},"type":"binary-expr","locations":[{"start":{"line":257,"column":10},"end":{"line":257,"column":38}},{"start":{"line":257,"column":42},"end":{"line":257,"column":69}}],"line":257},"15":{"loc":{"start":{"line":268,"column":8},"end":{"line":288,"column":9}},"type":"if","locations":[{"start":{"line":268,"column":8},"end":{"line":288,"column":9}},{"start":{"line":268,"column":8},"end":{"line":288,"column":9}}],"line":268},"16":{"loc":{"start":{"line":268,"column":12},"end":{"line":268,"column":93}},"type":"binary-expr","locations":[{"start":{"line":268,"column":13},"end":{"line":268,"column":34}},{"start":{"line":268,"column":38},"end":{"line":268,"column":60}},{"start":{"line":268,"column":65},"end":{"line":268,"column":93}}],"line":268},"17":{"loc":{"start":{"line":272,"column":12},"end":{"line":283,"column":13}},"type":"if","locations":[{"start":{"line":272,"column":12},"end":{"line":283,"column":13}},{"start":{"line":272,"column":12},"end":{"line":283,"column":13}}],"line":272},"18":{"loc":{"start":{"line":275,"column":14},"end":{"line":277,"column":15}},"type":"if","locations":[{"start":{"line":275,"column":14},"end":{"line":277,"column":15}},{"start":{"line":275,"column":14},"end":{"line":277,"column":15}}],"line":275},"19":{"loc":{"start":{"line":300,"column":6},"end":{"line":302,"column":7}},"type":"if","locations":[{"start":{"line":300,"column":6},"end":{"line":302,"column":7}},{"start":{"line":300,"column":6},"end":{"line":302,"column":7}}],"line":300},"20":{"loc":{"start":{"line":310,"column":6},"end":{"line":312,"column":7}},"type":"if","locations":[{"start":{"line":310,"column":6},"end":{"line":312,"column":7}},{"start":{"line":310,"column":6},"end":{"line":312,"column":7}}],"line":310},"21":{"loc":{"start":{"line":324,"column":6},"end":{"line":341,"column":7}},"type":"if","locations":[{"start":{"line":324,"column":6},"end":{"line":341,"column":7}},{"start":{"line":324,"column":6},"end":{"line":341,"column":7}}],"line":324},"22":{"loc":{"start":{"line":324,"column":10},"end":{"line":324,"column":80}},"type":"binary-expr","locations":[{"start":{"line":324,"column":10},"end":{"line":324,"column":15}},{"start":{"line":324,"column":20},"end":{"line":324,"column":48}},{"start":{"line":324,"column":52},"end":{"line":324,"column":79}}],"line":324},"23":{"loc":{"start":{"line":325,"column":8},"end":{"line":338,"column":9}},"type":"if","locations":[{"start":{"line":325,"column":8},"end":{"line":338,"column":9}},{"start":{"line":325,"column":8},"end":{"line":338,"column":9}}],"line":325},"24":{"loc":{"start":{"line":328,"column":10},"end":{"line":334,"column":11}},"type":"if","locations":[{"start":{"line":328,"column":10},"end":{"line":334,"column":11}},{"start":{"line":328,"column":10},"end":{"line":334,"column":11}}],"line":328},"25":{"loc":{"start":{"line":336,"column":26},"end":{"line":336,"column":47}},"type":"binary-expr","locations":[{"start":{"line":336,"column":26},"end":{"line":336,"column":40}},{"start":{"line":336,"column":44},"end":{"line":336,"column":47}}],"line":336},"26":{"loc":{"start":{"line":342,"column":6},"end":{"line":344,"column":7}},"type":"if","locations":[{"start":{"line":342,"column":6},"end":{"line":344,"column":7}},{"start":{"line":342,"column":6},"end":{"line":344,"column":7}}],"line":342},"27":{"loc":{"start":{"line":342,"column":10},"end":{"line":342,"column":64}},"type":"binary-expr","locations":[{"start":{"line":342,"column":10},"end":{"line":342,"column":34}},{"start":{"line":342,"column":38},"end":{"line":342,"column":64}}],"line":342},"28":{"loc":{"start":{"line":345,"column":6},"end":{"line":347,"column":7}},"type":"if","locations":[{"start":{"line":345,"column":6},"end":{"line":347,"column":7}},{"start":{"line":345,"column":6},"end":{"line":347,"column":7}}],"line":345},"29":{"loc":{"start":{"line":345,"column":10},"end":{"line":345,"column":85}},"type":"binary-expr","locations":[{"start":{"line":345,"column":10},"end":{"line":345,"column":48}},{"start":{"line":345,"column":52},"end":{"line":345,"column":85}}],"line":345}},"s":{"0":1,"1":1,"2":1,"3":1,"4":1,"5":1,"6":1,"7":1,"8":1,"9":1,"10":1,"11":1,"12":1,"13":1,"14":1,"15":1,"16":1,"17":1,"18":1,"19":1,"20":1,"21":1,"22":92,"23":92,"24":92,"25":78,"26":78,"27":78,"28":78,"29":78,"30":78,"31":0,"32":14,"33":14,"34":14,"35":14,"36":13,"37":14,"38":1,"39":14,"40":64,"41":78,"42":78,"43":14,"44":14,"45":14,"46":14,"47":1,"48":1,"49":14,"50":2,"51":2,"52":2,"53":2,"54":2,"55":15,"56":15,"57":15,"58":0,"59":15,"60":2,"61":0,"62":2,"63":72,"64":72,"65":72,"66":0,"67":0,"68":2,"69":2,"70":2,"71":2,"72":2,"73":2,"74":2,"75":1,"76":2,"77":1,"78":0,"79":2,"80":2,"81":1,"82":0,"83":2,"84":2,"85":2,"86":2,"87":2,"88":15,"89":15,"90":165,"91":15,"92":15,"93":15,"94":70,"95":45,"96":45,"97":45,"98":0,"99":0,"100":0,"101":0,"102":0,"103":45,"104":21,"105":21,"106":21,"107":21,"108":21,"109":0,"110":0,"111":0,"112":21,"113":21,"114":24,"115":15,"116":15,"117":1,"118":14,"119":14,"120":14,"121":14,"122":14,"123":71,"124":71,"125":71,"126":71,"127":14,"128":14,"129":14,"130":14,"131":14,"132":14,"133":14,"134":3,"135":14,"136":0,"137":0,"138":0,"139":14,"140":14,"141":14,"142":0,"143":0,"144":0,"145":0,"146":15,"147":15,"148":2,"149":2,"150":15,"151":15,"152":15,"153":2,"154":2,"155":15,"156":15,"157":15,"158":15,"159":15,"160":15,"161":15,"162":0,"163":0,"164":0,"165":0,"166":0,"167":0,"168":0,"169":0,"170":0,"171":0,"172":15,"173":2,"174":13,"175":1,"176":12},"f":{"0":92,"1":78,"2":14,"3":64,"4":78,"5":14,"6":2,"7":15,"8":15,"9":0,"10":72,"11":2,"12":15,"13":15,"14":70,"15":45,"16":45,"17":21,"18":15,"19":15,"20":14,"21":15,"22":15,"23":15,"24":15},"b":{"0":[78,0],"1":[14,0],"2":[13,1],"3":[78,50],"4":[0,15],"5":[70,2],"6":[72,0],"7":[1,1],"8":[1,1],"9":[1,1],"10":[0,45],"11":[21,24],"12":[21,0],"13":[1,14],"14":[15,1],"15":[14,57],"16":[71,13,64],"17":[14,0],"18":[3,11],"19":[2,0],"20":[2,0],"21":[0,15],"22":[15,15,0],"23":[0,0],"24":[0,0],"25":[0,0],"26":[2,13],"27":[15,15],"28":[1,12],"29":[13,12]},"_coverageSchema":"332fd63041d2c1bcb487cc26dd0d5f7d97098a6c","hash":"484df0222c4ef3e0983a6aa810c5603a6fcb3308","contentHash":"6cbd95a43f22915f3752f62b26a257be_11.2.1"},"/home/gofrendi/chimera-framework/lib/server.js":{"path":"/home/gofrendi/chimera-framework/lib/server.js","statementMap":{"0":{"start":{"line":4,"column":0},"end":{"line":7,"column":1}},"1":{"start":{"line":9,"column":13},"end":{"line":9,"column":33}},"2":{"start":{"line":10,"column":12},"end":{"line":10,"column":31}},"3":{"start":{"line":11,"column":13},"end":{"line":11,"column":33}},"4":{"start":{"line":12,"column":11},"end":{"line":12,"column":24}},"5":{"start":{"line":13,"column":14},"end":{"line":13,"column":34}},"6":{"start":{"line":14,"column":13},"end":{"line":14,"column":28}},"7":{"start":{"line":18,"column":2},"end":{"line":22,"column":3}},"8":{"start":{"line":19,"column":4},"end":{"line":19,"column":23}},"9":{"start":{"line":21,"column":4},"end":{"line":21,"column":37}},"10":{"start":{"line":24,"column":19},"end":{"line":24,"column":32}},"11":{"start":{"line":25,"column":18},"end":{"line":40,"column":3}},"12":{"start":{"line":42,"column":2},"end":{"line":75,"column":4}},"13":{"start":{"line":44,"column":6},"end":{"line":50,"column":8}},"14":{"start":{"line":45,"column":8},"end":{"line":48,"column":9}},"15":{"start":{"line":46,"column":10},"end":{"line":46,"column":54}},"16":{"start":{"line":47,"column":10},"end":{"line":47,"column":44}},"17":{"start":{"line":49,"column":8},"end":{"line":49,"column":14}},"18":{"start":{"line":53,"column":6},"end":{"line":59,"column":8}},"19":{"start":{"line":54,"column":8},"end":{"line":57,"column":9}},"20":{"start":{"line":55,"column":10},"end":{"line":55,"column":66}},"21":{"start":{"line":56,"column":10},"end":{"line":56,"column":50}},"22":{"start":{"line":58,"column":8},"end":{"line":58,"column":14}},"23":{"start":{"line":62,"column":6},"end":{"line":68,"column":8}},"24":{"start":{"line":63,"column":8},"end":{"line":66,"column":9}},"25":{"start":{"line":64,"column":10},"end":{"line":64,"column":64}},"26":{"start":{"line":65,"column":10},"end":{"line":65,"column":49}},"27":{"start":{"line":67,"column":8},"end":{"line":67,"column":14}},"28":{"start":{"line":71,"column":4},"end":{"line":73,"column":5}},"29":{"start":{"line":72,"column":6},"end":{"line":72,"column":26}},"30":{"start":{"line":74,"column":4},"end":{"line":74,"column":43}},"31":{"start":{"line":78,"column":4},"end":{"line":89,"column":5}},"32":{"start":{"line":80,"column":16},"end":{"line":80,"column":40}},"33":{"start":{"line":82,"column":19},"end":{"line":86,"column":8}},"34":{"start":{"line":83,"column":8},"end":{"line":83,"column":62}},"35":{"start":{"line":84,"column":21},"end":{"line":84,"column":65}},"36":{"start":{"line":85,"column":8},"end":{"line":85,"column":30}},"37":{"start":{"line":88,"column":6},"end":{"line":88,"column":27}},"38":{"start":{"line":95,"column":27},"end":{"line":95,"column":48}},"39":{"start":{"line":96,"column":2},"end":{"line":98,"column":3}},"40":{"start":{"line":97,"column":4},"end":{"line":97,"column":15}},"41":{"start":{"line":99,"column":2},"end":{"line":99,"column":55}},"42":{"start":{"line":100,"column":2},"end":{"line":100,"column":27}},"43":{"start":{"line":102,"column":2},"end":{"line":102,"column":46}},"44":{"start":{"line":106,"column":16},"end":{"line":106,"column":29}},"45":{"start":{"line":107,"column":14},"end":{"line":107,"column":72}},"46":{"start":{"line":108,"column":14},"end":{"line":108,"column":84}},"47":{"start":{"line":109,"column":15},"end":{"line":109,"column":64}},"48":{"start":{"line":110,"column":2},"end":{"line":128,"column":3}},"49":{"start":{"line":111,"column":4},"end":{"line":122,"column":6}},"50":{"start":{"line":112,"column":6},"end":{"line":121,"column":7}},"51":{"start":{"line":114,"column":8},"end":{"line":114,"column":28}},"52":{"start":{"line":115,"column":8},"end":{"line":115,"column":47}},"53":{"start":{"line":118,"column":8},"end":{"line":118,"column":30}},"54":{"start":{"line":119,"column":8},"end":{"line":119,"column":43}},"55":{"start":{"line":120,"column":8},"end":{"line":120,"column":47}},"56":{"start":{"line":125,"column":4},"end":{"line":125,"column":26}},"57":{"start":{"line":126,"column":4},"end":{"line":126,"column":50}},"58":{"start":{"line":127,"column":4},"end":{"line":127,"column":43}}},"fnMap":{"0":{"name":"serve","decl":{"start":{"line":16,"column":9},"end":{"line":16,"column":14}},"loc":{"start":{"line":16,"column":35},"end":{"line":91,"column":1}},"line":16},"1":{"name":"(anonymous_1)","decl":{"start":{"line":43,"column":4},"end":{"line":43,"column":5}},"loc":{"start":{"line":43,"column":14},"end":{"line":51,"column":5}},"line":43},"2":{"name":"(anonymous_2)","decl":{"start":{"line":44,"column":75},"end":{"line":44,"column":76}},"loc":{"start":{"line":44,"column":86},"end":{"line":50,"column":7}},"line":44},"3":{"name":"(anonymous_3)","decl":{"start":{"line":52,"column":4},"end":{"line":52,"column":5}},"loc":{"start":{"line":52,"column":14},"end":{"line":60,"column":5}},"line":52},"4":{"name":"(anonymous_4)","decl":{"start":{"line":53,"column":81},"end":{"line":53,"column":82}},"loc":{"start":{"line":53,"column":92},"end":{"line":59,"column":7}},"line":53},"5":{"name":"(anonymous_5)","decl":{"start":{"line":61,"column":4},"end":{"line":61,"column":5}},"loc":{"start":{"line":61,"column":14},"end":{"line":69,"column":5}},"line":61},"6":{"name":"(anonymous_6)","decl":{"start":{"line":62,"column":80},"end":{"line":62,"column":81}},"loc":{"start":{"line":62,"column":91},"end":{"line":68,"column":7}},"line":62},"7":{"name":"(anonymous_7)","decl":{"start":{"line":70,"column":5},"end":{"line":70,"column":6}},"loc":{"start":{"line":70,"column":24},"end":{"line":75,"column":3}},"line":70},"8":{"name":"createServer","decl":{"start":{"line":77,"column":11},"end":{"line":77,"column":23}},"loc":{"start":{"line":77,"column":52},"end":{"line":90,"column":3}},"line":77},"9":{"name":"(anonymous_9)","decl":{"start":{"line":82,"column":36},"end":{"line":82,"column":37}},"loc":{"start":{"line":82,"column":48},"end":{"line":86,"column":7}},"line":82},"10":{"name":"isInsidePublishedDirectory","decl":{"start":{"line":93,"column":9},"end":{"line":93,"column":35}},"loc":{"start":{"line":93,"column":43},"end":{"line":103,"column":1}},"line":93},"11":{"name":"processChain","decl":{"start":{"line":105,"column":9},"end":{"line":105,"column":21}},"loc":{"start":{"line":105,"column":40},"end":{"line":129,"column":1}},"line":105},"12":{"name":"(anonymous_12)","decl":{"start":{"line":111,"column":40},"end":{"line":111,"column":41}},"loc":{"start":{"line":111,"column":59},"end":{"line":122,"column":5}},"line":111}},"branchMap":{"0":{"loc":{"start":{"line":18,"column":2},"end":{"line":22,"column":3}},"type":"if","locations":[{"start":{"line":18,"column":2},"end":{"line":22,"column":3}},{"start":{"line":18,"column":2},"end":{"line":22,"column":3}}],"line":18},"1":{"loc":{"start":{"line":18,"column":6},"end":{"line":18,"column":53}},"type":"binary-expr","locations":[{"start":{"line":18,"column":6},"end":{"line":18,"column":32}},{"start":{"line":18,"column":36},"end":{"line":18,"column":53}}],"line":18},"2":{"loc":{"start":{"line":21,"column":11},"end":{"line":21,"column":37}},"type":"binary-expr","locations":[{"start":{"line":21,"column":11},"end":{"line":21,"column":27}},{"start":{"line":21,"column":31},"end":{"line":21,"column":37}}],"line":21},"3":{"loc":{"start":{"line":45,"column":8},"end":{"line":48,"column":9}},"type":"if","locations":[{"start":{"line":45,"column":8},"end":{"line":48,"column":9}},{"start":{"line":45,"column":8},"end":{"line":48,"column":9}}],"line":45},"4":{"loc":{"start":{"line":54,"column":8},"end":{"line":57,"column":9}},"type":"if","locations":[{"start":{"line":54,"column":8},"end":{"line":57,"column":9}},{"start":{"line":54,"column":8},"end":{"line":57,"column":9}}],"line":54},"5":{"loc":{"start":{"line":63,"column":8},"end":{"line":66,"column":9}},"type":"if","locations":[{"start":{"line":63,"column":8},"end":{"line":66,"column":9}},{"start":{"line":63,"column":8},"end":{"line":66,"column":9}}],"line":63},"6":{"loc":{"start":{"line":71,"column":4},"end":{"line":73,"column":5}},"type":"if","locations":[{"start":{"line":71,"column":4},"end":{"line":73,"column":5}},{"start":{"line":71,"column":4},"end":{"line":73,"column":5}}],"line":71},"7":{"loc":{"start":{"line":96,"column":2},"end":{"line":98,"column":3}},"type":"if","locations":[{"start":{"line":96,"column":2},"end":{"line":98,"column":3}},{"start":{"line":96,"column":2},"end":{"line":98,"column":3}}],"line":96},"8":{"loc":{"start":{"line":107,"column":14},"end":{"line":107,"column":72}},"type":"cond-expr","locations":[{"start":{"line":107,"column":49},"end":{"line":107,"column":67}},{"start":{"line":107,"column":70},"end":{"line":107,"column":72}}],"line":107},"9":{"loc":{"start":{"line":108,"column":14},"end":{"line":108,"column":84}},"type":"cond-expr","locations":[{"start":{"line":108,"column":50},"end":{"line":108,"column":68}},{"start":{"line":108,"column":71},"end":{"line":108,"column":84}}],"line":108},"10":{"loc":{"start":{"line":110,"column":2},"end":{"line":128,"column":3}},"type":"if","locations":[{"start":{"line":110,"column":2},"end":{"line":128,"column":3}},{"start":{"line":110,"column":2},"end":{"line":128,"column":3}}],"line":110},"11":{"loc":{"start":{"line":112,"column":6},"end":{"line":121,"column":7}},"type":"if","locations":[{"start":{"line":112,"column":6},"end":{"line":121,"column":7}},{"start":{"line":112,"column":6},"end":{"line":121,"column":7}}],"line":112}},"s":{"0":1,"1":1,"2":1,"3":1,"4":1,"5":1,"6":1,"7":1,"8":1,"9":0,"10":1,"11":1,"12":1,"13":1,"14":1,"15":0,"16":0,"17":1,"18":1,"19":1,"20":1,"21":1,"22":1,"23":1,"24":1,"25":0,"26":0,"27":1,"28":1,"29":0,"30":1,"31":1,"32":1,"33":1,"34":1,"35":1,"36":1,"37":0,"38":2,"39":2,"40":0,"41":2,"42":2,"43":2,"44":2,"45":2,"46":2,"47":2,"48":2,"49":1,"50":1,"51":1,"52":1,"53":0,"54":0,"55":0,"56":1,"57":1,"58":1},"f":{"0":1,"1":1,"2":1,"3":1,"4":1,"5":1,"6":1,"7":1,"8":1,"9":1,"10":2,"11":2,"12":1},"b":{"0":[1,0],"1":[1,1],"2":[0,0],"3":[0,1],"4":[1,0],"5":[0,1],"6":[0,1],"7":[0,2],"8":[2,0],"9":[2,0],"10":[1,1],"11":[1,0]},"_coverageSchema":"332fd63041d2c1bcb487cc26dd0d5f7d97098a6c","hash":"de569cf22485ccd2f889e7eba23cff75ccdb7b35","contentHash":"c42740ed4ecfb1fdb54f6ac1333df814_11.2.1"},"/home/gofrendi/chimera-framework/lib/chains/js/afterRequestProcessor.js":{"path":"/home/gofrendi/chimera-framework/lib/chains/js/afterRequestProcessor.js","statementMap":{"0":{"start":{"line":1,"column":13},"end":{"line":1,"column":37}},"1":{"start":{"line":3,"column":2},"end":{"line":5,"column":3}},"2":{"start":{"line":4,"column":4},"end":{"line":4,"column":23}},"3":{"start":{"line":6,"column":2},"end":{"line":6,"column":54}},"4":{"start":{"line":7,"column":2},"end":{"line":7,"column":66}},"5":{"start":{"line":8,"column":2},"end":{"line":8,"column":42}},"6":{"start":{"line":9,"column":2},"end":{"line":15,"column":3}},"7":{"start":{"line":10,"column":4},"end":{"line":10,"column":23}},"8":{"start":{"line":11,"column":4},"end":{"line":11,"column":33}},"9":{"start":{"line":12,"column":4},"end":{"line":12,"column":28}},"10":{"start":{"line":13,"column":4},"end":{"line":13,"column":44}},"11":{"start":{"line":14,"column":4},"end":{"line":14,"column":20}},"12":{"start":{"line":16,"column":2},"end":{"line":16,"column":37}},"13":{"start":{"line":17,"column":2},"end":{"line":17,"column":21}},"14":{"start":{"line":20,"column":0},"end":{"line":20,"column":32}}},"fnMap":{"0":{"name":"processResponse","decl":{"start":{"line":2,"column":9},"end":{"line":2,"column":24}},"loc":{"start":{"line":2,"column":41},"end":{"line":18,"column":1}},"line":2}},"branchMap":{"0":{"loc":{"start":{"line":3,"column":2},"end":{"line":5,"column":3}},"type":"if","locations":[{"start":{"line":3,"column":2},"end":{"line":5,"column":3}},{"start":{"line":3,"column":2},"end":{"line":5,"column":3}}],"line":3},"1":{"loc":{"start":{"line":6,"column":16},"end":{"line":6,"column":54}},"type":"cond-expr","locations":[{"start":{"line":6,"column":35},"end":{"line":6,"column":46}},{"start":{"line":6,"column":49},"end":{"line":6,"column":54}}],"line":6},"2":{"loc":{"start":{"line":7,"column":21},"end":{"line":7,"column":66}},"type":"cond-expr","locations":[{"start":{"line":7,"column":45},"end":{"line":7,"column":61}},{"start":{"line":7,"column":64},"end":{"line":7,"column":66}}],"line":7},"3":{"loc":{"start":{"line":8,"column":13},"end":{"line":8,"column":42}},"type":"cond-expr","locations":[{"start":{"line":8,"column":29},"end":{"line":8,"column":37}},{"start":{"line":8,"column":40},"end":{"line":8,"column":42}}],"line":8},"4":{"loc":{"start":{"line":9,"column":2},"end":{"line":15,"column":3}},"type":"if","locations":[{"start":{"line":9,"column":2},"end":{"line":15,"column":3}},{"start":{"line":9,"column":2},"end":{"line":15,"column":3}}],"line":9},"5":{"loc":{"start":{"line":9,"column":6},"end":{"line":9,"column":62}},"type":"binary-expr","locations":[{"start":{"line":9,"column":6},"end":{"line":9,"column":21}},{"start":{"line":9,"column":25},"end":{"line":9,"column":42}},{"start":{"line":9,"column":46},"end":{"line":9,"column":62}}],"line":9}},"s":{"0":1,"1":3,"2":0,"3":3,"4":3,"5":3,"6":3,"7":1,"8":1,"9":1,"10":1,"11":1,"12":3,"13":3,"14":1},"f":{"0":3},"b":{"0":[0,3],"1":[0,3],"2":[3,0],"3":[3,0],"4":[1,2],"5":[3,3,1]},"_coverageSchema":"332fd63041d2c1bcb487cc26dd0d5f7d97098a6c","hash":"b38506b762eda016f4f58d60c49644667749f0b3","contentHash":"c7d9564de2eaaa4de8b4bb19617ac4cc_11.2.1"}}